nil	
Using CUDA on GPU 1...	
Loading data...	
Source vocab size: 10005, Target vocab size: 10005	
Source max sent len: 52, Target max sent len: 52	
Done loading data!
	
Building model with specs:	
Layer type: lstm	
Model type: red	
Embedding size: 300	
Hidden layer size: 300	
Number of layers: 2	
Using pre-trained word embeddings from data/word_vecs.hdf5	
Number of parameters: 11902905
	
Beginning training...	
Using ada_grad	
Epoch: 1, Batch: 5/2522, Batch size: 64, LR: 0.0100, PPL: 18379049.87, |Param|: 2447.12, |GParam|: 195.61, Training: 2646/1115/1531 total/source/target tokens/sec	
Epoch: 1, Batch: 10/2522, Batch size: 64, LR: 0.0100, PPL: 199755.24, |Param|: 2447.30, |GParam|: 36.91, Training: 3867/1412/2455 total/source/target tokens/sec	
Epoch: 1, Batch: 15/2522, Batch size: 64, LR: 0.0100, PPL: 31282.73, |Param|: 2447.55, |GParam|: 57.32, Training: 4564/1621/2942 total/source/target tokens/sec	
Epoch: 1, Batch: 20/2522, Batch size: 64, LR: 0.0100, PPL: 8897.48, |Param|: 2447.86, |GParam|: 12.08, Training: 5104/1739/3364 total/source/target tokens/sec	
Epoch: 1, Batch: 25/2522, Batch size: 64, LR: 0.0100, PPL: 4000.47, |Param|: 2448.21, |GParam|: 7.55, Training: 5564/1940/3624 total/source/target tokens/sec	
Epoch: 1, Batch: 30/2522, Batch size: 64, LR: 0.0100, PPL: 2362.15, |Param|: 2448.61, |GParam|: 7.07, Training: 5863/2063/3800 total/source/target tokens/sec	
Epoch: 1, Batch: 35/2522, Batch size: 64, LR: 0.0100, PPL: 1620.10, |Param|: 2448.92, |GParam|: 4.82, Training: 6008/2200/3808 total/source/target tokens/sec	
Epoch: 1, Batch: 40/2522, Batch size: 64, LR: 0.0100, PPL: 1189.04, |Param|: 2449.23, |GParam|: 4.56, Training: 6223/2316/3907 total/source/target tokens/sec	
Epoch: 1, Batch: 45/2522, Batch size: 64, LR: 0.0100, PPL: 944.59, |Param|: 2449.57, |GParam|: 3.71, Training: 6357/2362/3995 total/source/target tokens/sec	
Epoch: 1, Batch: 50/2522, Batch size: 64, LR: 0.0100, PPL: 793.30, |Param|: 2449.81, |GParam|: 4.44, Training: 6360/2368/3992 total/source/target tokens/sec	
Epoch: 1, Batch: 55/2522, Batch size: 64, LR: 0.0100, PPL: 658.59, |Param|: 2450.09, |GParam|: 4.24, Training: 6459/2394/4064 total/source/target tokens/sec	
Epoch: 1, Batch: 60/2522, Batch size: 64, LR: 0.0100, PPL: 575.80, |Param|: 2450.33, |GParam|: 4.28, Training: 6536/2386/4150 total/source/target tokens/sec	
Epoch: 1, Batch: 65/2522, Batch size: 64, LR: 0.0100, PPL: 499.43, |Param|: 2450.55, |GParam|: 3.84, Training: 6635/2409/4226 total/source/target tokens/sec	
Epoch: 1, Batch: 70/2522, Batch size: 64, LR: 0.0100, PPL: 450.89, |Param|: 2450.78, |GParam|: 3.87, Training: 6667/2418/4248 total/source/target tokens/sec	
Epoch: 1, Batch: 75/2522, Batch size: 64, LR: 0.0100, PPL: 404.24, |Param|: 2451.01, |GParam|: 4.62, Training: 6711/2473/4237 total/source/target tokens/sec	
Epoch: 1, Batch: 80/2522, Batch size: 64, LR: 0.0100, PPL: 371.16, |Param|: 2451.21, |GParam|: 4.84, Training: 6725/2506/4218 total/source/target tokens/sec	
Epoch: 1, Batch: 85/2522, Batch size: 64, LR: 0.0100, PPL: 342.83, |Param|: 2451.38, |GParam|: 3.94, Training: 6757/2471/4286 total/source/target tokens/sec	
Epoch: 1, Batch: 90/2522, Batch size: 64, LR: 0.0100, PPL: 318.36, |Param|: 2451.54, |GParam|: 4.31, Training: 6805/2470/4335 total/source/target tokens/sec	
Epoch: 1, Batch: 95/2522, Batch size: 64, LR: 0.0100, PPL: 297.85, |Param|: 2451.71, |GParam|: 3.91, Training: 6851/2478/4373 total/source/target tokens/sec	
Epoch: 1, Batch: 100/2522, Batch size: 64, LR: 0.0100, PPL: 280.08, |Param|: 2451.90, |GParam|: 4.27, Training: 6902/2496/4406 total/source/target tokens/sec	
Epoch: 1, Batch: 105/2522, Batch size: 64, LR: 0.0100, PPL: 265.91, |Param|: 2452.04, |GParam|: 3.83, Training: 6919/2482/4436 total/source/target tokens/sec	
Epoch: 1, Batch: 110/2522, Batch size: 64, LR: 0.0100, PPL: 252.74, |Param|: 2452.16, |GParam|: 3.60, Training: 6971/2479/4492 total/source/target tokens/sec	
Epoch: 1, Batch: 115/2522, Batch size: 64, LR: 0.0100, PPL: 241.41, |Param|: 2452.29, |GParam|: 4.69, Training: 7068/2530/4537 total/source/target tokens/sec	
Epoch: 1, Batch: 120/2522, Batch size: 64, LR: 0.0100, PPL: 230.79, |Param|: 2452.44, |GParam|: 4.43, Training: 7158/2561/4597 total/source/target tokens/sec	
Epoch: 1, Batch: 125/2522, Batch size: 64, LR: 0.0100, PPL: 220.96, |Param|: 2452.55, |GParam|: 4.03, Training: 7226/2593/4633 total/source/target tokens/sec	
Epoch: 1, Batch: 130/2522, Batch size: 64, LR: 0.0100, PPL: 214.22, |Param|: 2452.68, |GParam|: 3.99, Training: 7179/2568/4611 total/source/target tokens/sec	
Epoch: 1, Batch: 135/2522, Batch size: 64, LR: 0.0100, PPL: 207.04, |Param|: 2452.80, |GParam|: 3.79, Training: 7207/2568/4639 total/source/target tokens/sec	
Epoch: 1, Batch: 140/2522, Batch size: 64, LR: 0.0100, PPL: 199.95, |Param|: 2452.92, |GParam|: 4.14, Training: 7215/2564/4650 total/source/target tokens/sec	
Epoch: 1, Batch: 145/2522, Batch size: 64, LR: 0.0100, PPL: 193.15, |Param|: 2453.02, |GParam|: 5.06, Training: 7227/2564/4663 total/source/target tokens/sec	
Epoch: 1, Batch: 150/2522, Batch size: 64, LR: 0.0100, PPL: 187.54, |Param|: 2453.13, |GParam|: 4.90, Training: 7242/2573/4668 total/source/target tokens/sec	
Epoch: 1, Batch: 155/2522, Batch size: 64, LR: 0.0100, PPL: 182.02, |Param|: 2453.24, |GParam|: 4.52, Training: 7271/2608/4663 total/source/target tokens/sec	
Epoch: 1, Batch: 160/2522, Batch size: 64, LR: 0.0100, PPL: 177.31, |Param|: 2453.33, |GParam|: 4.13, Training: 7273/2584/4689 total/source/target tokens/sec	
Epoch: 1, Batch: 165/2522, Batch size: 64, LR: 0.0100, PPL: 172.54, |Param|: 2453.42, |GParam|: 3.96, Training: 7290/2588/4701 total/source/target tokens/sec	
Epoch: 1, Batch: 170/2522, Batch size: 64, LR: 0.0100, PPL: 167.50, |Param|: 2453.51, |GParam|: 4.06, Training: 7289/2590/4699 total/source/target tokens/sec	
Epoch: 1, Batch: 175/2522, Batch size: 64, LR: 0.0100, PPL: 164.03, |Param|: 2453.61, |GParam|: 4.09, Training: 7313/2597/4715 total/source/target tokens/sec	
Epoch: 1, Batch: 180/2522, Batch size: 64, LR: 0.0100, PPL: 160.26, |Param|: 2453.70, |GParam|: 4.08, Training: 7327/2611/4715 total/source/target tokens/sec	
Epoch: 1, Batch: 185/2522, Batch size: 64, LR: 0.0100, PPL: 157.07, |Param|: 2453.77, |GParam|: 3.95, Training: 7356/2614/4741 total/source/target tokens/sec	
Epoch: 1, Batch: 190/2522, Batch size: 64, LR: 0.0100, PPL: 153.62, |Param|: 2453.86, |GParam|: 4.28, Training: 7370/2629/4741 total/source/target tokens/sec	
Epoch: 1, Batch: 195/2522, Batch size: 64, LR: 0.0100, PPL: 150.91, |Param|: 2453.93, |GParam|: 5.04, Training: 7389/2631/4758 total/source/target tokens/sec	
Epoch: 1, Batch: 200/2522, Batch size: 64, LR: 0.0100, PPL: 148.28, |Param|: 2454.01, |GParam|: 4.27, Training: 7400/2636/4763 total/source/target tokens/sec	
Epoch: 1, Batch: 205/2522, Batch size: 64, LR: 0.0100, PPL: 145.94, |Param|: 2454.08, |GParam|: 4.21, Training: 7397/2643/4753 total/source/target tokens/sec	
Epoch: 1, Batch: 210/2522, Batch size: 64, LR: 0.0100, PPL: 143.38, |Param|: 2454.16, |GParam|: 4.54, Training: 7410/2650/4760 total/source/target tokens/sec	
Epoch: 1, Batch: 215/2522, Batch size: 64, LR: 0.0100, PPL: 141.07, |Param|: 2454.23, |GParam|: 4.12, Training: 7417/2654/4762 total/source/target tokens/sec	
Epoch: 1, Batch: 220/2522, Batch size: 64, LR: 0.0100, PPL: 138.65, |Param|: 2454.29, |GParam|: 4.01, Training: 7428/2648/4779 total/source/target tokens/sec	
Epoch: 1, Batch: 225/2522, Batch size: 64, LR: 0.0100, PPL: 136.39, |Param|: 2454.35, |GParam|: 4.65, Training: 7424/2638/4786 total/source/target tokens/sec	
Epoch: 1, Batch: 230/2522, Batch size: 64, LR: 0.0100, PPL: 134.29, |Param|: 2454.42, |GParam|: 4.12, Training: 7432/2648/4783 total/source/target tokens/sec	
Epoch: 1, Batch: 235/2522, Batch size: 64, LR: 0.0100, PPL: 132.50, |Param|: 2454.48, |GParam|: 4.48, Training: 7438/2666/4772 total/source/target tokens/sec	
Epoch: 1, Batch: 240/2522, Batch size: 64, LR: 0.0100, PPL: 130.77, |Param|: 2454.55, |GParam|: 4.74, Training: 7434/2672/4762 total/source/target tokens/sec	
Epoch: 1, Batch: 245/2522, Batch size: 64, LR: 0.0100, PPL: 128.76, |Param|: 2454.61, |GParam|: 4.12, Training: 7414/2653/4760 total/source/target tokens/sec	
Epoch: 1, Batch: 250/2522, Batch size: 64, LR: 0.0100, PPL: 127.16, |Param|: 2454.67, |GParam|: 4.41, Training: 7420/2665/4754 total/source/target tokens/sec	
Epoch: 1, Batch: 255/2522, Batch size: 64, LR: 0.0100, PPL: 125.42, |Param|: 2454.72, |GParam|: 4.06, Training: 7424/2667/4756 total/source/target tokens/sec	
Epoch: 1, Batch: 260/2522, Batch size: 64, LR: 0.0100, PPL: 123.80, |Param|: 2454.77, |GParam|: 5.05, Training: 7428/2661/4766 total/source/target tokens/sec	
Epoch: 1, Batch: 265/2522, Batch size: 64, LR: 0.0100, PPL: 122.51, |Param|: 2454.83, |GParam|: 4.40, Training: 7444/2671/4772 total/source/target tokens/sec	
Epoch: 1, Batch: 270/2522, Batch size: 64, LR: 0.0100, PPL: 121.28, |Param|: 2454.89, |GParam|: 4.70, Training: 7454/2680/4773 total/source/target tokens/sec	
Epoch: 1, Batch: 275/2522, Batch size: 64, LR: 0.0100, PPL: 120.08, |Param|: 2454.93, |GParam|: 4.25, Training: 7462/2683/4779 total/source/target tokens/sec	
Epoch: 1, Batch: 280/2522, Batch size: 64, LR: 0.0100, PPL: 118.80, |Param|: 2454.98, |GParam|: 5.02, Training: 7468/2690/4778 total/source/target tokens/sec	
Epoch: 1, Batch: 285/2522, Batch size: 64, LR: 0.0100, PPL: 117.33, |Param|: 2455.03, |GParam|: 4.07, Training: 7480/2689/4791 total/source/target tokens/sec	
Epoch: 1, Batch: 290/2522, Batch size: 64, LR: 0.0100, PPL: 116.18, |Param|: 2455.07, |GParam|: 4.06, Training: 7476/2685/4791 total/source/target tokens/sec	
Epoch: 1, Batch: 295/2522, Batch size: 64, LR: 0.0100, PPL: 114.97, |Param|: 2455.12, |GParam|: 4.79, Training: 7481/2685/4796 total/source/target tokens/sec	
Epoch: 1, Batch: 300/2522, Batch size: 64, LR: 0.0100, PPL: 113.99, |Param|: 2455.17, |GParam|: 4.62, Training: 7474/2692/4782 total/source/target tokens/sec	
Epoch: 1, Batch: 305/2522, Batch size: 64, LR: 0.0100, PPL: 113.04, |Param|: 2455.22, |GParam|: 4.48, Training: 7480/2691/4789 total/source/target tokens/sec	
Epoch: 1, Batch: 310/2522, Batch size: 64, LR: 0.0100, PPL: 112.15, |Param|: 2455.26, |GParam|: 5.47, Training: 7492/2700/4791 total/source/target tokens/sec	
Epoch: 1, Batch: 315/2522, Batch size: 64, LR: 0.0100, PPL: 111.15, |Param|: 2455.31, |GParam|: 4.32, Training: 7502/2704/4797 total/source/target tokens/sec	
Epoch: 1, Batch: 320/2522, Batch size: 64, LR: 0.0100, PPL: 110.27, |Param|: 2455.35, |GParam|: 4.44, Training: 7509/2715/4793 total/source/target tokens/sec	
Epoch: 1, Batch: 325/2522, Batch size: 64, LR: 0.0100, PPL: 109.31, |Param|: 2455.38, |GParam|: 5.12, Training: 7510/2715/4794 total/source/target tokens/sec	
Epoch: 1, Batch: 330/2522, Batch size: 64, LR: 0.0100, PPL: 108.35, |Param|: 2455.43, |GParam|: 4.30, Training: 7512/2711/4801 total/source/target tokens/sec	
Epoch: 1, Batch: 335/2522, Batch size: 64, LR: 0.0100, PPL: 107.48, |Param|: 2455.46, |GParam|: 4.66, Training: 7509/2708/4800 total/source/target tokens/sec	
Epoch: 1, Batch: 340/2522, Batch size: 64, LR: 0.0100, PPL: 106.69, |Param|: 2455.50, |GParam|: 5.19, Training: 7516/2716/4800 total/source/target tokens/sec	
Epoch: 1, Batch: 345/2522, Batch size: 64, LR: 0.0100, PPL: 105.85, |Param|: 2455.53, |GParam|: 3.97, Training: 7515/2708/4806 total/source/target tokens/sec	
Epoch: 1, Batch: 350/2522, Batch size: 64, LR: 0.0100, PPL: 105.04, |Param|: 2455.57, |GParam|: 4.20, Training: 7521/2707/4813 total/source/target tokens/sec	
Epoch: 1, Batch: 355/2522, Batch size: 64, LR: 0.0100, PPL: 104.31, |Param|: 2455.60, |GParam|: 4.85, Training: 7524/2705/4819 total/source/target tokens/sec	
Epoch: 1, Batch: 360/2522, Batch size: 64, LR: 0.0100, PPL: 103.73, |Param|: 2455.64, |GParam|: 4.72, Training: 7531/2714/4817 total/source/target tokens/sec	
Epoch: 1, Batch: 365/2522, Batch size: 64, LR: 0.0100, PPL: 103.02, |Param|: 2455.67, |GParam|: 4.20, Training: 7532/2713/4818 total/source/target tokens/sec	
Epoch: 1, Batch: 370/2522, Batch size: 64, LR: 0.0100, PPL: 102.26, |Param|: 2455.71, |GParam|: 4.91, Training: 7534/2717/4816 total/source/target tokens/sec	
Epoch: 1, Batch: 375/2522, Batch size: 64, LR: 0.0100, PPL: 101.70, |Param|: 2455.74, |GParam|: 4.90, Training: 7526/2711/4814 total/source/target tokens/sec	
Epoch: 1, Batch: 380/2522, Batch size: 64, LR: 0.0100, PPL: 101.05, |Param|: 2455.77, |GParam|: 4.22, Training: 7523/2709/4814 total/source/target tokens/sec	
Epoch: 1, Batch: 385/2522, Batch size: 64, LR: 0.0100, PPL: 100.36, |Param|: 2455.81, |GParam|: 5.14, Training: 7523/2708/4815 total/source/target tokens/sec	
Epoch: 1, Batch: 390/2522, Batch size: 64, LR: 0.0100, PPL: 99.79, |Param|: 2455.84, |GParam|: 4.34, Training: 7530/2715/4815 total/source/target tokens/sec	
Epoch: 1, Batch: 395/2522, Batch size: 64, LR: 0.0100, PPL: 99.22, |Param|: 2455.87, |GParam|: 4.28, Training: 7531/2715/4816 total/source/target tokens/sec	
Epoch: 1, Batch: 400/2522, Batch size: 64, LR: 0.0100, PPL: 98.68, |Param|: 2455.90, |GParam|: 4.02, Training: 7530/2711/4819 total/source/target tokens/sec	
Epoch: 1, Batch: 405/2522, Batch size: 64, LR: 0.0100, PPL: 98.16, |Param|: 2455.93, |GParam|: 4.18, Training: 7528/2701/4826 total/source/target tokens/sec	
Epoch: 1, Batch: 410/2522, Batch size: 64, LR: 0.0100, PPL: 97.60, |Param|: 2455.96, |GParam|: 4.54, Training: 7535/2702/4833 total/source/target tokens/sec	
Epoch: 1, Batch: 415/2522, Batch size: 64, LR: 0.0100, PPL: 97.18, |Param|: 2455.99, |GParam|: 4.74, Training: 7545/2704/4841 total/source/target tokens/sec	
Epoch: 1, Batch: 420/2522, Batch size: 64, LR: 0.0100, PPL: 96.64, |Param|: 2456.02, |GParam|: 4.96, Training: 7550/2704/4845 total/source/target tokens/sec	
Epoch: 1, Batch: 425/2522, Batch size: 64, LR: 0.0100, PPL: 96.24, |Param|: 2456.05, |GParam|: 5.00, Training: 7557/2710/4846 total/source/target tokens/sec	
Epoch: 1, Batch: 430/2522, Batch size: 64, LR: 0.0100, PPL: 95.78, |Param|: 2456.08, |GParam|: 4.94, Training: 7564/2719/4844 total/source/target tokens/sec	
Epoch: 1, Batch: 435/2522, Batch size: 64, LR: 0.0100, PPL: 95.25, |Param|: 2456.11, |GParam|: 4.81, Training: 7561/2714/4847 total/source/target tokens/sec	
Epoch: 1, Batch: 440/2522, Batch size: 64, LR: 0.0100, PPL: 94.76, |Param|: 2456.13, |GParam|: 5.10, Training: 7557/2708/4848 total/source/target tokens/sec	
Epoch: 1, Batch: 445/2522, Batch size: 64, LR: 0.0100, PPL: 94.22, |Param|: 2456.16, |GParam|: 4.24, Training: 7559/2703/4855 total/source/target tokens/sec	
Epoch: 1, Batch: 450/2522, Batch size: 64, LR: 0.0100, PPL: 93.68, |Param|: 2456.18, |GParam|: 5.00, Training: 7562/2710/4851 total/source/target tokens/sec	
Epoch: 1, Batch: 455/2522, Batch size: 64, LR: 0.0100, PPL: 93.24, |Param|: 2456.21, |GParam|: 4.03, Training: 7563/2715/4847 total/source/target tokens/sec	
Epoch: 1, Batch: 460/2522, Batch size: 64, LR: 0.0100, PPL: 92.81, |Param|: 2456.24, |GParam|: 4.70, Training: 7567/2718/4848 total/source/target tokens/sec	
Epoch: 1, Batch: 465/2522, Batch size: 64, LR: 0.0100, PPL: 92.29, |Param|: 2456.26, |GParam|: 5.07, Training: 7566/2716/4849 total/source/target tokens/sec	
Epoch: 1, Batch: 470/2522, Batch size: 11, LR: 0.0100, PPL: 92.01, |Param|: 2456.28, |GParam|: 12.58, Training: 7557/2716/4840 total/source/target tokens/sec	
Epoch: 1, Batch: 475/2522, Batch size: 64, LR: 0.0100, PPL: 91.61, |Param|: 2456.31, |GParam|: 4.26, Training: 7551/2718/4833 total/source/target tokens/sec	
Epoch: 1, Batch: 480/2522, Batch size: 64, LR: 0.0100, PPL: 91.20, |Param|: 2456.33, |GParam|: 4.39, Training: 7555/2716/4838 total/source/target tokens/sec	
Epoch: 1, Batch: 485/2522, Batch size: 64, LR: 0.0100, PPL: 90.80, |Param|: 2456.35, |GParam|: 4.19, Training: 7543/2718/4825 total/source/target tokens/sec	
Epoch: 1, Batch: 490/2522, Batch size: 64, LR: 0.0100, PPL: 90.35, |Param|: 2456.37, |GParam|: 4.93, Training: 7544/2722/4822 total/source/target tokens/sec	
Epoch: 1, Batch: 495/2522, Batch size: 64, LR: 0.0100, PPL: 90.04, |Param|: 2456.40, |GParam|: 4.16, Training: 7541/2722/4819 total/source/target tokens/sec	
Epoch: 1, Batch: 500/2522, Batch size: 64, LR: 0.0100, PPL: 89.64, |Param|: 2456.42, |GParam|: 5.59, Training: 7549/2722/4827 total/source/target tokens/sec	
Epoch: 1, Batch: 505/2522, Batch size: 64, LR: 0.0100, PPL: 89.33, |Param|: 2456.44, |GParam|: 5.13, Training: 7546/2716/4829 total/source/target tokens/sec	
Epoch: 1, Batch: 510/2522, Batch size: 64, LR: 0.0100, PPL: 89.03, |Param|: 2456.46, |GParam|: 4.31, Training: 7548/2714/4834 total/source/target tokens/sec	
Epoch: 1, Batch: 515/2522, Batch size: 64, LR: 0.0100, PPL: 88.73, |Param|: 2456.49, |GParam|: 4.73, Training: 7550/2711/4838 total/source/target tokens/sec	
Epoch: 1, Batch: 520/2522, Batch size: 64, LR: 0.0100, PPL: 88.41, |Param|: 2456.51, |GParam|: 4.49, Training: 7544/2706/4837 total/source/target tokens/sec	
Epoch: 1, Batch: 525/2522, Batch size: 64, LR: 0.0100, PPL: 88.07, |Param|: 2456.53, |GParam|: 4.30, Training: 7549/2707/4842 total/source/target tokens/sec	
Epoch: 1, Batch: 530/2522, Batch size: 7, LR: 0.0100, PPL: 87.74, |Param|: 2456.55, |GParam|: 12.11, Training: 7537/2700/4836 total/source/target tokens/sec	
Epoch: 1, Batch: 535/2522, Batch size: 64, LR: 0.0100, PPL: 87.46, |Param|: 2456.57, |GParam|: 4.64, Training: 7544/2702/4841 total/source/target tokens/sec	
Epoch: 1, Batch: 540/2522, Batch size: 64, LR: 0.0100, PPL: 87.05, |Param|: 2456.58, |GParam|: 4.36, Training: 7539/2699/4840 total/source/target tokens/sec	
Epoch: 1, Batch: 545/2522, Batch size: 64, LR: 0.0100, PPL: 86.80, |Param|: 2456.60, |GParam|: 4.50, Training: 7544/2703/4841 total/source/target tokens/sec	
Epoch: 1, Batch: 550/2522, Batch size: 64, LR: 0.0100, PPL: 86.54, |Param|: 2456.62, |GParam|: 4.36, Training: 7537/2699/4838 total/source/target tokens/sec	
Epoch: 1, Batch: 555/2522, Batch size: 64, LR: 0.0100, PPL: 86.17, |Param|: 2456.64, |GParam|: 4.30, Training: 7542/2695/4847 total/source/target tokens/sec	
Epoch: 1, Batch: 560/2522, Batch size: 64, LR: 0.0100, PPL: 85.91, |Param|: 2456.66, |GParam|: 4.45, Training: 7542/2693/4849 total/source/target tokens/sec	
Epoch: 1, Batch: 565/2522, Batch size: 64, LR: 0.0100, PPL: 85.67, |Param|: 2456.68, |GParam|: 4.30, Training: 7537/2690/4846 total/source/target tokens/sec	
Epoch: 1, Batch: 570/2522, Batch size: 64, LR: 0.0100, PPL: 85.32, |Param|: 2456.69, |GParam|: 4.12, Training: 7537/2685/4851 total/source/target tokens/sec	
Epoch: 1, Batch: 575/2522, Batch size: 64, LR: 0.0100, PPL: 85.02, |Param|: 2456.71, |GParam|: 4.33, Training: 7540/2689/4851 total/source/target tokens/sec	
Epoch: 1, Batch: 580/2522, Batch size: 64, LR: 0.0100, PPL: 84.78, |Param|: 2456.72, |GParam|: 4.55, Training: 7542/2689/4852 total/source/target tokens/sec	
Epoch: 1, Batch: 585/2522, Batch size: 64, LR: 0.0100, PPL: 84.47, |Param|: 2456.74, |GParam|: 4.52, Training: 7542/2693/4849 total/source/target tokens/sec	
Epoch: 1, Batch: 590/2522, Batch size: 64, LR: 0.0100, PPL: 84.20, |Param|: 2456.76, |GParam|: 4.92, Training: 7544/2697/4847 total/source/target tokens/sec	
Epoch: 1, Batch: 595/2522, Batch size: 64, LR: 0.0100, PPL: 83.88, |Param|: 2456.78, |GParam|: 4.41, Training: 7547/2702/4844 total/source/target tokens/sec	
Epoch: 1, Batch: 600/2522, Batch size: 64, LR: 0.0100, PPL: 83.66, |Param|: 2456.79, |GParam|: 3.85, Training: 7551/2703/4848 total/source/target tokens/sec	
Epoch: 1, Batch: 605/2522, Batch size: 64, LR: 0.0100, PPL: 83.42, |Param|: 2456.81, |GParam|: 4.49, Training: 7548/2699/4848 total/source/target tokens/sec	
Epoch: 1, Batch: 610/2522, Batch size: 64, LR: 0.0100, PPL: 83.11, |Param|: 2456.82, |GParam|: 4.11, Training: 7554/2702/4851 total/source/target tokens/sec	
Epoch: 1, Batch: 615/2522, Batch size: 64, LR: 0.0100, PPL: 82.87, |Param|: 2456.84, |GParam|: 4.48, Training: 7556/2701/4855 total/source/target tokens/sec	
Epoch: 1, Batch: 620/2522, Batch size: 64, LR: 0.0100, PPL: 82.62, |Param|: 2456.86, |GParam|: 4.65, Training: 7562/2707/4854 total/source/target tokens/sec	
Epoch: 1, Batch: 625/2522, Batch size: 64, LR: 0.0100, PPL: 82.45, |Param|: 2456.87, |GParam|: 4.75, Training: 7563/2708/4854 total/source/target tokens/sec	
Epoch: 1, Batch: 630/2522, Batch size: 64, LR: 0.0100, PPL: 82.20, |Param|: 2456.89, |GParam|: 4.41, Training: 7564/2711/4852 total/source/target tokens/sec	
Epoch: 1, Batch: 635/2522, Batch size: 64, LR: 0.0100, PPL: 81.92, |Param|: 2456.90, |GParam|: 4.62, Training: 7566/2711/4855 total/source/target tokens/sec	
Epoch: 1, Batch: 640/2522, Batch size: 64, LR: 0.0100, PPL: 81.63, |Param|: 2456.92, |GParam|: 4.14, Training: 7566/2710/4856 total/source/target tokens/sec	
Epoch: 1, Batch: 645/2522, Batch size: 64, LR: 0.0100, PPL: 81.30, |Param|: 2456.93, |GParam|: 4.68, Training: 7562/2709/4852 total/source/target tokens/sec	
Epoch: 1, Batch: 650/2522, Batch size: 64, LR: 0.0100, PPL: 81.01, |Param|: 2456.95, |GParam|: 5.82, Training: 7562/2708/4854 total/source/target tokens/sec	
Epoch: 1, Batch: 655/2522, Batch size: 64, LR: 0.0100, PPL: 80.84, |Param|: 2456.96, |GParam|: 5.48, Training: 7552/2707/4844 total/source/target tokens/sec	
Epoch: 1, Batch: 660/2522, Batch size: 64, LR: 0.0100, PPL: 80.64, |Param|: 2456.98, |GParam|: 4.66, Training: 7554/2707/4847 total/source/target tokens/sec	
Epoch: 1, Batch: 665/2522, Batch size: 64, LR: 0.0100, PPL: 80.44, |Param|: 2456.99, |GParam|: 4.23, Training: 7559/2711/4848 total/source/target tokens/sec	
Epoch: 1, Batch: 670/2522, Batch size: 64, LR: 0.0100, PPL: 80.22, |Param|: 2457.00, |GParam|: 4.57, Training: 7562/2710/4852 total/source/target tokens/sec	
Epoch: 1, Batch: 675/2522, Batch size: 64, LR: 0.0100, PPL: 79.99, |Param|: 2457.02, |GParam|: 4.92, Training: 7567/2714/4852 total/source/target tokens/sec	
Epoch: 1, Batch: 680/2522, Batch size: 64, LR: 0.0100, PPL: 79.72, |Param|: 2457.03, |GParam|: 4.56, Training: 7564/2711/4852 total/source/target tokens/sec	
Epoch: 1, Batch: 685/2522, Batch size: 64, LR: 0.0100, PPL: 79.52, |Param|: 2457.04, |GParam|: 4.57, Training: 7563/2707/4855 total/source/target tokens/sec	
Epoch: 1, Batch: 690/2522, Batch size: 64, LR: 0.0100, PPL: 79.29, |Param|: 2457.06, |GParam|: 4.26, Training: 7560/2703/4856 total/source/target tokens/sec	
Epoch: 1, Batch: 695/2522, Batch size: 64, LR: 0.0100, PPL: 79.07, |Param|: 2457.07, |GParam|: 4.41, Training: 7564/2703/4861 total/source/target tokens/sec	
Epoch: 1, Batch: 700/2522, Batch size: 64, LR: 0.0100, PPL: 78.86, |Param|: 2457.09, |GParam|: 4.24, Training: 7565/2703/4861 total/source/target tokens/sec	
Epoch: 1, Batch: 705/2522, Batch size: 64, LR: 0.0100, PPL: 78.64, |Param|: 2457.10, |GParam|: 4.38, Training: 7565/2702/4863 total/source/target tokens/sec	
Epoch: 1, Batch: 710/2522, Batch size: 30, LR: 0.0100, PPL: 78.45, |Param|: 2457.11, |GParam|: 6.09, Training: 7563/2703/4860 total/source/target tokens/sec	
Epoch: 1, Batch: 715/2522, Batch size: 64, LR: 0.0100, PPL: 78.28, |Param|: 2457.12, |GParam|: 5.27, Training: 7564/2703/4861 total/source/target tokens/sec	
Epoch: 1, Batch: 720/2522, Batch size: 64, LR: 0.0100, PPL: 78.13, |Param|: 2457.14, |GParam|: 4.67, Training: 7565/2703/4862 total/source/target tokens/sec	
Epoch: 1, Batch: 725/2522, Batch size: 64, LR: 0.0100, PPL: 77.96, |Param|: 2457.15, |GParam|: 4.16, Training: 7566/2705/4861 total/source/target tokens/sec	
Epoch: 1, Batch: 730/2522, Batch size: 64, LR: 0.0100, PPL: 77.77, |Param|: 2457.16, |GParam|: 4.64, Training: 7567/2703/4863 total/source/target tokens/sec	
Epoch: 1, Batch: 735/2522, Batch size: 64, LR: 0.0100, PPL: 77.58, |Param|: 2457.17, |GParam|: 4.79, Training: 7566/2705/4860 total/source/target tokens/sec	
Epoch: 1, Batch: 740/2522, Batch size: 64, LR: 0.0100, PPL: 77.40, |Param|: 2457.18, |GParam|: 4.16, Training: 7566/2704/4862 total/source/target tokens/sec	
Epoch: 1, Batch: 745/2522, Batch size: 64, LR: 0.0100, PPL: 77.24, |Param|: 2457.20, |GParam|: 3.84, Training: 7565/2703/4861 total/source/target tokens/sec	
Epoch: 1, Batch: 750/2522, Batch size: 64, LR: 0.0100, PPL: 77.04, |Param|: 2457.21, |GParam|: 4.27, Training: 7569/2704/4864 total/source/target tokens/sec	
Epoch: 1, Batch: 755/2522, Batch size: 64, LR: 0.0100, PPL: 76.90, |Param|: 2457.22, |GParam|: 4.86, Training: 7572/2704/4868 total/source/target tokens/sec	
Epoch: 1, Batch: 760/2522, Batch size: 64, LR: 0.0100, PPL: 76.74, |Param|: 2457.23, |GParam|: 5.38, Training: 7573/2703/4869 total/source/target tokens/sec	
Epoch: 1, Batch: 765/2522, Batch size: 64, LR: 0.0100, PPL: 76.59, |Param|: 2457.24, |GParam|: 4.89, Training: 7574/2706/4868 total/source/target tokens/sec	
Epoch: 1, Batch: 770/2522, Batch size: 64, LR: 0.0100, PPL: 76.41, |Param|: 2457.25, |GParam|: 4.76, Training: 7578/2708/4870 total/source/target tokens/sec	
Epoch: 1, Batch: 775/2522, Batch size: 64, LR: 0.0100, PPL: 76.26, |Param|: 2457.26, |GParam|: 4.49, Training: 7581/2711/4869 total/source/target tokens/sec	
Epoch: 1, Batch: 780/2522, Batch size: 64, LR: 0.0100, PPL: 76.07, |Param|: 2457.27, |GParam|: 4.14, Training: 7576/2709/4866 total/source/target tokens/sec	
Epoch: 1, Batch: 785/2522, Batch size: 64, LR: 0.0100, PPL: 75.92, |Param|: 2457.28, |GParam|: 4.50, Training: 7576/2706/4870 total/source/target tokens/sec	
Epoch: 1, Batch: 790/2522, Batch size: 64, LR: 0.0100, PPL: 75.76, |Param|: 2457.29, |GParam|: 3.85, Training: 7576/2705/4871 total/source/target tokens/sec	
Epoch: 1, Batch: 795/2522, Batch size: 64, LR: 0.0100, PPL: 75.59, |Param|: 2457.30, |GParam|: 5.28, Training: 7577/2703/4874 total/source/target tokens/sec	
Epoch: 1, Batch: 800/2522, Batch size: 64, LR: 0.0100, PPL: 75.49, |Param|: 2457.31, |GParam|: 4.64, Training: 7578/2701/4877 total/source/target tokens/sec	
Epoch: 1, Batch: 805/2522, Batch size: 64, LR: 0.0100, PPL: 75.36, |Param|: 2457.32, |GParam|: 4.36, Training: 7580/2702/4877 total/source/target tokens/sec	
Epoch: 1, Batch: 810/2522, Batch size: 64, LR: 0.0100, PPL: 75.22, |Param|: 2457.34, |GParam|: 4.46, Training: 7583/2705/4878 total/source/target tokens/sec	
Epoch: 1, Batch: 815/2522, Batch size: 64, LR: 0.0100, PPL: 75.10, |Param|: 2457.35, |GParam|: 4.38, Training: 7585/2702/4883 total/source/target tokens/sec	
Epoch: 1, Batch: 820/2522, Batch size: 64, LR: 0.0100, PPL: 74.97, |Param|: 2457.36, |GParam|: 4.51, Training: 7586/2702/4883 total/source/target tokens/sec	
Epoch: 1, Batch: 825/2522, Batch size: 64, LR: 0.0100, PPL: 74.85, |Param|: 2457.36, |GParam|: 4.62, Training: 7588/2706/4881 total/source/target tokens/sec	
Epoch: 1, Batch: 830/2522, Batch size: 64, LR: 0.0100, PPL: 74.73, |Param|: 2457.37, |GParam|: 4.41, Training: 7590/2708/4882 total/source/target tokens/sec	
Epoch: 1, Batch: 835/2522, Batch size: 64, LR: 0.0100, PPL: 74.55, |Param|: 2457.38, |GParam|: 4.29, Training: 7591/2703/4887 total/source/target tokens/sec	
Epoch: 1, Batch: 840/2522, Batch size: 64, LR: 0.0100, PPL: 74.38, |Param|: 2457.39, |GParam|: 5.18, Training: 7591/2702/4888 total/source/target tokens/sec	
Epoch: 1, Batch: 845/2522, Batch size: 64, LR: 0.0100, PPL: 74.22, |Param|: 2457.40, |GParam|: 4.19, Training: 7587/2699/4888 total/source/target tokens/sec	
Epoch: 1, Batch: 850/2522, Batch size: 64, LR: 0.0100, PPL: 74.08, |Param|: 2457.41, |GParam|: 4.01, Training: 7588/2698/4889 total/source/target tokens/sec	
Epoch: 1, Batch: 855/2522, Batch size: 64, LR: 0.0100, PPL: 73.95, |Param|: 2457.42, |GParam|: 4.61, Training: 7591/2701/4890 total/source/target tokens/sec	
Epoch: 1, Batch: 860/2522, Batch size: 64, LR: 0.0100, PPL: 73.83, |Param|: 2457.43, |GParam|: 4.85, Training: 7592/2701/4891 total/source/target tokens/sec	
Epoch: 1, Batch: 865/2522, Batch size: 64, LR: 0.0100, PPL: 73.68, |Param|: 2457.44, |GParam|: 4.62, Training: 7592/2700/4892 total/source/target tokens/sec	
Epoch: 1, Batch: 870/2522, Batch size: 64, LR: 0.0100, PPL: 73.55, |Param|: 2457.45, |GParam|: 4.15, Training: 7591/2699/4892 total/source/target tokens/sec	
Epoch: 1, Batch: 875/2522, Batch size: 64, LR: 0.0100, PPL: 73.41, |Param|: 2457.46, |GParam|: 4.51, Training: 7592/2697/4895 total/source/target tokens/sec	
Epoch: 1, Batch: 880/2522, Batch size: 64, LR: 0.0100, PPL: 73.24, |Param|: 2457.47, |GParam|: 3.96, Training: 7595/2697/4897 total/source/target tokens/sec	
Epoch: 1, Batch: 885/2522, Batch size: 64, LR: 0.0100, PPL: 73.09, |Param|: 2457.48, |GParam|: 4.57, Training: 7599/2698/4900 total/source/target tokens/sec	
Epoch: 1, Batch: 890/2522, Batch size: 64, LR: 0.0100, PPL: 73.00, |Param|: 2457.49, |GParam|: 4.00, Training: 7595/2698/4896 total/source/target tokens/sec	
Epoch: 1, Batch: 895/2522, Batch size: 64, LR: 0.0100, PPL: 72.86, |Param|: 2457.49, |GParam|: 4.97, Training: 7589/2697/4891 total/source/target tokens/sec	
Epoch: 1, Batch: 900/2522, Batch size: 64, LR: 0.0100, PPL: 72.77, |Param|: 2457.50, |GParam|: 4.43, Training: 7590/2700/4889 total/source/target tokens/sec	
Epoch: 1, Batch: 905/2522, Batch size: 64, LR: 0.0100, PPL: 72.62, |Param|: 2457.51, |GParam|: 4.30, Training: 7589/2698/4890 total/source/target tokens/sec	
Epoch: 1, Batch: 910/2522, Batch size: 64, LR: 0.0100, PPL: 72.48, |Param|: 2457.52, |GParam|: 5.02, Training: 7593/2700/4893 total/source/target tokens/sec	
Epoch: 1, Batch: 915/2522, Batch size: 64, LR: 0.0100, PPL: 72.35, |Param|: 2457.53, |GParam|: 4.45, Training: 7595/2700/4895 total/source/target tokens/sec	
Epoch: 1, Batch: 920/2522, Batch size: 64, LR: 0.0100, PPL: 72.23, |Param|: 2457.54, |GParam|: 5.00, Training: 7595/2697/4897 total/source/target tokens/sec	
Epoch: 1, Batch: 925/2522, Batch size: 64, LR: 0.0100, PPL: 72.11, |Param|: 2457.55, |GParam|: 4.42, Training: 7595/2696/4899 total/source/target tokens/sec	
Epoch: 1, Batch: 930/2522, Batch size: 64, LR: 0.0100, PPL: 71.98, |Param|: 2457.56, |GParam|: 4.74, Training: 7596/2699/4897 total/source/target tokens/sec	
Epoch: 1, Batch: 935/2522, Batch size: 64, LR: 0.0100, PPL: 71.86, |Param|: 2457.56, |GParam|: 6.05, Training: 7590/2696/4893 total/source/target tokens/sec	
Epoch: 1, Batch: 940/2522, Batch size: 64, LR: 0.0100, PPL: 71.77, |Param|: 2457.57, |GParam|: 4.59, Training: 7591/2699/4891 total/source/target tokens/sec	
Epoch: 1, Batch: 945/2522, Batch size: 64, LR: 0.0100, PPL: 71.62, |Param|: 2457.58, |GParam|: 3.90, Training: 7590/2697/4893 total/source/target tokens/sec	
Epoch: 1, Batch: 950/2522, Batch size: 64, LR: 0.0100, PPL: 71.47, |Param|: 2457.59, |GParam|: 4.37, Training: 7590/2696/4893 total/source/target tokens/sec	
Epoch: 1, Batch: 955/2522, Batch size: 64, LR: 0.0100, PPL: 71.32, |Param|: 2457.60, |GParam|: 4.57, Training: 7593/2696/4897 total/source/target tokens/sec	
Epoch: 1, Batch: 960/2522, Batch size: 64, LR: 0.0100, PPL: 71.20, |Param|: 2457.60, |GParam|: 5.15, Training: 7591/2692/4899 total/source/target tokens/sec	
Epoch: 1, Batch: 965/2522, Batch size: 64, LR: 0.0100, PPL: 71.12, |Param|: 2457.61, |GParam|: 4.71, Training: 7593/2697/4896 total/source/target tokens/sec	
Epoch: 1, Batch: 970/2522, Batch size: 64, LR: 0.0100, PPL: 71.03, |Param|: 2457.62, |GParam|: 4.70, Training: 7593/2695/4897 total/source/target tokens/sec	
Epoch: 1, Batch: 975/2522, Batch size: 64, LR: 0.0100, PPL: 70.92, |Param|: 2457.63, |GParam|: 4.98, Training: 7594/2695/4898 total/source/target tokens/sec	
Epoch: 1, Batch: 980/2522, Batch size: 64, LR: 0.0100, PPL: 70.79, |Param|: 2457.63, |GParam|: 4.24, Training: 7595/2693/4901 total/source/target tokens/sec	
Epoch: 1, Batch: 985/2522, Batch size: 50, LR: 0.0100, PPL: 70.69, |Param|: 2457.64, |GParam|: 5.20, Training: 7593/2693/4900 total/source/target tokens/sec	
Epoch: 1, Batch: 990/2522, Batch size: 64, LR: 0.0100, PPL: 70.56, |Param|: 2457.65, |GParam|: 4.48, Training: 7589/2690/4898 total/source/target tokens/sec	
Epoch: 1, Batch: 995/2522, Batch size: 64, LR: 0.0100, PPL: 70.47, |Param|: 2457.65, |GParam|: 5.19, Training: 7589/2689/4900 total/source/target tokens/sec	
Epoch: 1, Batch: 1000/2522, Batch size: 64, LR: 0.0100, PPL: 70.41, |Param|: 2457.66, |GParam|: 4.60, Training: 7590/2691/4898 total/source/target tokens/sec	
Epoch: 1, Batch: 1005/2522, Batch size: 64, LR: 0.0100, PPL: 70.31, |Param|: 2457.67, |GParam|: 4.86, Training: 7592/2692/4899 total/source/target tokens/sec	
Epoch: 1, Batch: 1010/2522, Batch size: 64, LR: 0.0100, PPL: 70.17, |Param|: 2457.68, |GParam|: 4.31, Training: 7592/2692/4900 total/source/target tokens/sec	
Epoch: 1, Batch: 1015/2522, Batch size: 64, LR: 0.0100, PPL: 70.08, |Param|: 2457.69, |GParam|: 5.43, Training: 7588/2693/4895 total/source/target tokens/sec	
Epoch: 1, Batch: 1020/2522, Batch size: 64, LR: 0.0100, PPL: 70.00, |Param|: 2457.69, |GParam|: 5.03, Training: 7590/2694/4895 total/source/target tokens/sec	
Epoch: 1, Batch: 1025/2522, Batch size: 64, LR: 0.0100, PPL: 69.91, |Param|: 2457.71, |GParam|: 5.20, Training: 7592/2694/4897 total/source/target tokens/sec	
Epoch: 1, Batch: 1030/2522, Batch size: 64, LR: 0.0100, PPL: 69.83, |Param|: 2457.71, |GParam|: 4.38, Training: 7588/2695/4893 total/source/target tokens/sec	
Epoch: 1, Batch: 1035/2522, Batch size: 64, LR: 0.0100, PPL: 69.75, |Param|: 2457.72, |GParam|: 4.47, Training: 7589/2694/4894 total/source/target tokens/sec	
Epoch: 1, Batch: 1040/2522, Batch size: 64, LR: 0.0100, PPL: 69.66, |Param|: 2457.73, |GParam|: 4.77, Training: 7593/2697/4896 total/source/target tokens/sec	
Epoch: 1, Batch: 1045/2522, Batch size: 64, LR: 0.0100, PPL: 69.57, |Param|: 2457.74, |GParam|: 4.21, Training: 7588/2695/4893 total/source/target tokens/sec	
Epoch: 1, Batch: 1050/2522, Batch size: 64, LR: 0.0100, PPL: 69.46, |Param|: 2457.74, |GParam|: 4.40, Training: 7591/2697/4894 total/source/target tokens/sec	
Epoch: 1, Batch: 1055/2522, Batch size: 64, LR: 0.0100, PPL: 69.38, |Param|: 2457.75, |GParam|: 4.78, Training: 7591/2697/4893 total/source/target tokens/sec	
Epoch: 1, Batch: 1060/2522, Batch size: 64, LR: 0.0100, PPL: 69.26, |Param|: 2457.76, |GParam|: 5.07, Training: 7592/2700/4891 total/source/target tokens/sec	
Epoch: 1, Batch: 1065/2522, Batch size: 64, LR: 0.0100, PPL: 69.17, |Param|: 2457.77, |GParam|: 4.10, Training: 7592/2697/4895 total/source/target tokens/sec	
Epoch: 1, Batch: 1070/2522, Batch size: 64, LR: 0.0100, PPL: 69.06, |Param|: 2457.77, |GParam|: 4.27, Training: 7593/2696/4897 total/source/target tokens/sec	
Epoch: 1, Batch: 1075/2522, Batch size: 64, LR: 0.0100, PPL: 68.97, |Param|: 2457.78, |GParam|: 5.50, Training: 7595/2696/4898 total/source/target tokens/sec	
Epoch: 1, Batch: 1080/2522, Batch size: 64, LR: 0.0100, PPL: 68.87, |Param|: 2457.79, |GParam|: 4.92, Training: 7595/2697/4897 total/source/target tokens/sec	
Epoch: 1, Batch: 1085/2522, Batch size: 64, LR: 0.0100, PPL: 68.76, |Param|: 2457.79, |GParam|: 6.12, Training: 7595/2698/4897 total/source/target tokens/sec	
Epoch: 1, Batch: 1090/2522, Batch size: 64, LR: 0.0100, PPL: 68.66, |Param|: 2457.80, |GParam|: 4.99, Training: 7595/2700/4894 total/source/target tokens/sec	
Epoch: 1, Batch: 1095/2522, Batch size: 64, LR: 0.0100, PPL: 68.58, |Param|: 2457.81, |GParam|: 5.51, Training: 7591/2700/4890 total/source/target tokens/sec	
Epoch: 1, Batch: 1100/2522, Batch size: 64, LR: 0.0100, PPL: 68.50, |Param|: 2457.81, |GParam|: 4.56, Training: 7592/2701/4891 total/source/target tokens/sec	
Epoch: 1, Batch: 1105/2522, Batch size: 64, LR: 0.0100, PPL: 68.44, |Param|: 2457.82, |GParam|: 4.35, Training: 7594/2700/4893 total/source/target tokens/sec	
Epoch: 1, Batch: 1110/2522, Batch size: 64, LR: 0.0100, PPL: 68.37, |Param|: 2457.82, |GParam|: 4.71, Training: 7584/2694/4889 total/source/target tokens/sec	
Epoch: 1, Batch: 1115/2522, Batch size: 64, LR: 0.0100, PPL: 68.30, |Param|: 2457.83, |GParam|: 4.89, Training: 7586/2697/4888 total/source/target tokens/sec	
Epoch: 1, Batch: 1120/2522, Batch size: 64, LR: 0.0100, PPL: 68.24, |Param|: 2457.84, |GParam|: 4.69, Training: 7588/2701/4886 total/source/target tokens/sec	
Epoch: 1, Batch: 1125/2522, Batch size: 64, LR: 0.0100, PPL: 68.15, |Param|: 2457.84, |GParam|: 4.18, Training: 7588/2700/4887 total/source/target tokens/sec	
Epoch: 1, Batch: 1130/2522, Batch size: 64, LR: 0.0100, PPL: 68.05, |Param|: 2457.85, |GParam|: 5.07, Training: 7585/2698/4887 total/source/target tokens/sec	
Epoch: 1, Batch: 1135/2522, Batch size: 64, LR: 0.0100, PPL: 67.97, |Param|: 2457.86, |GParam|: 5.38, Training: 7586/2698/4888 total/source/target tokens/sec	
Epoch: 1, Batch: 1140/2522, Batch size: 64, LR: 0.0100, PPL: 67.90, |Param|: 2457.86, |GParam|: 4.16, Training: 7586/2697/4888 total/source/target tokens/sec	
Epoch: 1, Batch: 1145/2522, Batch size: 64, LR: 0.0100, PPL: 67.81, |Param|: 2457.87, |GParam|: 5.46, Training: 7588/2702/4885 total/source/target tokens/sec	
Epoch: 1, Batch: 1150/2522, Batch size: 64, LR: 0.0100, PPL: 67.73, |Param|: 2457.87, |GParam|: 5.03, Training: 7587/2701/4885 total/source/target tokens/sec	
Epoch: 1, Batch: 1155/2522, Batch size: 64, LR: 0.0100, PPL: 67.68, |Param|: 2457.88, |GParam|: 5.31, Training: 7587/2702/4885 total/source/target tokens/sec	
Epoch: 1, Batch: 1160/2522, Batch size: 64, LR: 0.0100, PPL: 67.59, |Param|: 2457.89, |GParam|: 4.77, Training: 7581/2703/4878 total/source/target tokens/sec	
Epoch: 1, Batch: 1165/2522, Batch size: 64, LR: 0.0100, PPL: 67.49, |Param|: 2457.89, |GParam|: 5.44, Training: 7581/2703/4878 total/source/target tokens/sec	
Epoch: 1, Batch: 1170/2522, Batch size: 64, LR: 0.0100, PPL: 67.39, |Param|: 2457.90, |GParam|: 5.25, Training: 7583/2703/4879 total/source/target tokens/sec	
Epoch: 1, Batch: 1175/2522, Batch size: 64, LR: 0.0100, PPL: 67.31, |Param|: 2457.90, |GParam|: 4.63, Training: 7580/2702/4877 total/source/target tokens/sec	
Epoch: 1, Batch: 1180/2522, Batch size: 64, LR: 0.0100, PPL: 67.23, |Param|: 2457.91, |GParam|: 5.42, Training: 7581/2701/4880 total/source/target tokens/sec	
Epoch: 1, Batch: 1185/2522, Batch size: 64, LR: 0.0100, PPL: 67.13, |Param|: 2457.91, |GParam|: 4.43, Training: 7581/2699/4881 total/source/target tokens/sec	
Epoch: 1, Batch: 1190/2522, Batch size: 64, LR: 0.0100, PPL: 67.04, |Param|: 2457.92, |GParam|: 5.10, Training: 7582/2699/4883 total/source/target tokens/sec	
Epoch: 1, Batch: 1195/2522, Batch size: 64, LR: 0.0100, PPL: 66.95, |Param|: 2457.93, |GParam|: 4.34, Training: 7582/2699/4883 total/source/target tokens/sec	
Epoch: 1, Batch: 1200/2522, Batch size: 64, LR: 0.0100, PPL: 66.89, |Param|: 2457.93, |GParam|: 5.05, Training: 7584/2702/4881 total/source/target tokens/sec	
Epoch: 1, Batch: 1205/2522, Batch size: 64, LR: 0.0100, PPL: 66.82, |Param|: 2457.94, |GParam|: 4.73, Training: 7583/2702/4880 total/source/target tokens/sec	
Epoch: 1, Batch: 1210/2522, Batch size: 64, LR: 0.0100, PPL: 66.74, |Param|: 2457.94, |GParam|: 4.19, Training: 7583/2703/4880 total/source/target tokens/sec	
Epoch: 1, Batch: 1215/2522, Batch size: 64, LR: 0.0100, PPL: 66.66, |Param|: 2457.95, |GParam|: 4.46, Training: 7584/2701/4882 total/source/target tokens/sec	
Epoch: 1, Batch: 1220/2522, Batch size: 64, LR: 0.0100, PPL: 66.58, |Param|: 2457.95, |GParam|: 4.57, Training: 7585/2700/4884 total/source/target tokens/sec	
Epoch: 1, Batch: 1225/2522, Batch size: 64, LR: 0.0100, PPL: 66.51, |Param|: 2457.96, |GParam|: 4.86, Training: 7587/2700/4886 total/source/target tokens/sec	
Epoch: 1, Batch: 1230/2522, Batch size: 60, LR: 0.0100, PPL: 66.44, |Param|: 2457.96, |GParam|: 4.80, Training: 7588/2701/4886 total/source/target tokens/sec	
Epoch: 1, Batch: 1235/2522, Batch size: 64, LR: 0.0100, PPL: 66.38, |Param|: 2457.97, |GParam|: 4.96, Training: 7588/2700/4887 total/source/target tokens/sec	
Epoch: 1, Batch: 1240/2522, Batch size: 64, LR: 0.0100, PPL: 66.30, |Param|: 2457.97, |GParam|: 4.51, Training: 7587/2700/4887 total/source/target tokens/sec	
Epoch: 1, Batch: 1245/2522, Batch size: 64, LR: 0.0100, PPL: 66.21, |Param|: 2457.98, |GParam|: 5.05, Training: 7593/2702/4890 total/source/target tokens/sec	
Epoch: 1, Batch: 1250/2522, Batch size: 64, LR: 0.0100, PPL: 66.14, |Param|: 2457.98, |GParam|: 4.48, Training: 7598/2704/4894 total/source/target tokens/sec	
Epoch: 1, Batch: 1255/2522, Batch size: 64, LR: 0.0100, PPL: 66.09, |Param|: 2457.99, |GParam|: 4.38, Training: 7602/2706/4895 total/source/target tokens/sec	
Epoch: 1, Batch: 1260/2522, Batch size: 64, LR: 0.0100, PPL: 65.99, |Param|: 2457.99, |GParam|: 4.62, Training: 7606/2708/4897 total/source/target tokens/sec	
Epoch: 1, Batch: 1265/2522, Batch size: 64, LR: 0.0100, PPL: 65.90, |Param|: 2458.00, |GParam|: 5.25, Training: 7606/2709/4897 total/source/target tokens/sec	
Epoch: 1, Batch: 1270/2522, Batch size: 64, LR: 0.0100, PPL: 65.85, |Param|: 2458.00, |GParam|: 4.98, Training: 7606/2709/4897 total/source/target tokens/sec	
Epoch: 1, Batch: 1275/2522, Batch size: 64, LR: 0.0100, PPL: 65.77, |Param|: 2458.01, |GParam|: 5.06, Training: 7608/2711/4897 total/source/target tokens/sec	
Epoch: 1, Batch: 1280/2522, Batch size: 64, LR: 0.0100, PPL: 65.72, |Param|: 2458.01, |GParam|: 4.51, Training: 7609/2710/4898 total/source/target tokens/sec	
Epoch: 1, Batch: 1285/2522, Batch size: 64, LR: 0.0100, PPL: 65.65, |Param|: 2458.02, |GParam|: 4.76, Training: 7608/2712/4896 total/source/target tokens/sec	
Epoch: 1, Batch: 1290/2522, Batch size: 64, LR: 0.0100, PPL: 65.57, |Param|: 2458.02, |GParam|: 4.71, Training: 7610/2713/4896 total/source/target tokens/sec	
Epoch: 1, Batch: 1295/2522, Batch size: 64, LR: 0.0100, PPL: 65.48, |Param|: 2458.03, |GParam|: 4.32, Training: 7609/2711/4898 total/source/target tokens/sec	
Epoch: 1, Batch: 1300/2522, Batch size: 64, LR: 0.0100, PPL: 65.42, |Param|: 2458.03, |GParam|: 4.50, Training: 7610/2711/4898 total/source/target tokens/sec	
Epoch: 1, Batch: 1305/2522, Batch size: 64, LR: 0.0100, PPL: 65.34, |Param|: 2458.04, |GParam|: 5.03, Training: 7612/2713/4898 total/source/target tokens/sec	
Epoch: 1, Batch: 1310/2522, Batch size: 64, LR: 0.0100, PPL: 65.29, |Param|: 2458.04, |GParam|: 5.22, Training: 7613/2715/4898 total/source/target tokens/sec	
Epoch: 1, Batch: 1315/2522, Batch size: 64, LR: 0.0100, PPL: 65.23, |Param|: 2458.05, |GParam|: 4.68, Training: 7614/2718/4895 total/source/target tokens/sec	
Epoch: 1, Batch: 1320/2522, Batch size: 64, LR: 0.0100, PPL: 65.21, |Param|: 2458.05, |GParam|: 5.13, Training: 7615/2720/4895 total/source/target tokens/sec	
Epoch: 1, Batch: 1325/2522, Batch size: 64, LR: 0.0100, PPL: 65.16, |Param|: 2458.06, |GParam|: 4.84, Training: 7612/2720/4892 total/source/target tokens/sec	
Epoch: 1, Batch: 1330/2522, Batch size: 64, LR: 0.0100, PPL: 65.09, |Param|: 2458.06, |GParam|: 4.69, Training: 7613/2720/4893 total/source/target tokens/sec	
Epoch: 1, Batch: 1335/2522, Batch size: 64, LR: 0.0100, PPL: 65.03, |Param|: 2458.07, |GParam|: 5.08, Training: 7615/2722/4892 total/source/target tokens/sec	
Epoch: 1, Batch: 1340/2522, Batch size: 64, LR: 0.0100, PPL: 64.97, |Param|: 2458.07, |GParam|: 5.09, Training: 7615/2724/4890 total/source/target tokens/sec	
Epoch: 1, Batch: 1345/2522, Batch size: 64, LR: 0.0100, PPL: 64.91, |Param|: 2458.08, |GParam|: 4.49, Training: 7616/2722/4893 total/source/target tokens/sec	
Epoch: 1, Batch: 1350/2522, Batch size: 64, LR: 0.0100, PPL: 64.84, |Param|: 2458.08, |GParam|: 5.56, Training: 7617/2725/4891 total/source/target tokens/sec	
Epoch: 1, Batch: 1355/2522, Batch size: 64, LR: 0.0100, PPL: 64.80, |Param|: 2458.09, |GParam|: 5.03, Training: 7619/2726/4892 total/source/target tokens/sec	
Epoch: 1, Batch: 1360/2522, Batch size: 64, LR: 0.0100, PPL: 64.75, |Param|: 2458.09, |GParam|: 4.88, Training: 7617/2724/4892 total/source/target tokens/sec	
Epoch: 1, Batch: 1365/2522, Batch size: 64, LR: 0.0100, PPL: 64.70, |Param|: 2458.10, |GParam|: 5.06, Training: 7619/2726/4893 total/source/target tokens/sec	
Epoch: 1, Batch: 1370/2522, Batch size: 64, LR: 0.0100, PPL: 64.65, |Param|: 2458.10, |GParam|: 5.41, Training: 7613/2725/4888 total/source/target tokens/sec	
Epoch: 1, Batch: 1375/2522, Batch size: 64, LR: 0.0100, PPL: 64.60, |Param|: 2458.11, |GParam|: 4.52, Training: 7614/2725/4888 total/source/target tokens/sec	
Epoch: 1, Batch: 1380/2522, Batch size: 64, LR: 0.0100, PPL: 64.56, |Param|: 2458.11, |GParam|: 5.54, Training: 7615/2725/4889 total/source/target tokens/sec	
Epoch: 1, Batch: 1385/2522, Batch size: 64, LR: 0.0100, PPL: 64.52, |Param|: 2458.11, |GParam|: 4.37, Training: 7616/2726/4890 total/source/target tokens/sec	
Epoch: 1, Batch: 1390/2522, Batch size: 64, LR: 0.0100, PPL: 64.42, |Param|: 2458.12, |GParam|: 4.86, Training: 7617/2726/4890 total/source/target tokens/sec	
Epoch: 1, Batch: 1395/2522, Batch size: 64, LR: 0.0100, PPL: 64.37, |Param|: 2458.12, |GParam|: 4.51, Training: 7618/2726/4891 total/source/target tokens/sec	
Epoch: 1, Batch: 1400/2522, Batch size: 64, LR: 0.0100, PPL: 64.32, |Param|: 2458.13, |GParam|: 4.50, Training: 7619/2726/4892 total/source/target tokens/sec	
Epoch: 1, Batch: 1405/2522, Batch size: 64, LR: 0.0100, PPL: 64.29, |Param|: 2458.13, |GParam|: 5.85, Training: 7618/2727/4890 total/source/target tokens/sec	
Epoch: 1, Batch: 1410/2522, Batch size: 64, LR: 0.0100, PPL: 64.21, |Param|: 2458.14, |GParam|: 4.88, Training: 7619/2730/4889 total/source/target tokens/sec	
Epoch: 1, Batch: 1415/2522, Batch size: 64, LR: 0.0100, PPL: 64.14, |Param|: 2458.14, |GParam|: 4.85, Training: 7619/2729/4890 total/source/target tokens/sec	
Epoch: 1, Batch: 1420/2522, Batch size: 64, LR: 0.0100, PPL: 64.09, |Param|: 2458.14, |GParam|: 4.59, Training: 7621/2729/4891 total/source/target tokens/sec	
Epoch: 1, Batch: 1425/2522, Batch size: 64, LR: 0.0100, PPL: 64.00, |Param|: 2458.15, |GParam|: 4.74, Training: 7621/2728/4892 total/source/target tokens/sec	
Epoch: 1, Batch: 1430/2522, Batch size: 64, LR: 0.0100, PPL: 63.92, |Param|: 2458.15, |GParam|: 4.67, Training: 7621/2728/4893 total/source/target tokens/sec	
Epoch: 1, Batch: 1435/2522, Batch size: 64, LR: 0.0100, PPL: 63.87, |Param|: 2458.15, |GParam|: 5.10, Training: 7623/2729/4893 total/source/target tokens/sec	
Epoch: 1, Batch: 1440/2522, Batch size: 64, LR: 0.0100, PPL: 63.81, |Param|: 2458.16, |GParam|: 4.34, Training: 7623/2732/4891 total/source/target tokens/sec	
Epoch: 1, Batch: 1445/2522, Batch size: 64, LR: 0.0100, PPL: 63.76, |Param|: 2458.16, |GParam|: 4.43, Training: 7621/2731/4890 total/source/target tokens/sec	
Epoch: 1, Batch: 1450/2522, Batch size: 64, LR: 0.0100, PPL: 63.74, |Param|: 2458.16, |GParam|: 5.08, Training: 7621/2732/4888 total/source/target tokens/sec	
Epoch: 1, Batch: 1455/2522, Batch size: 64, LR: 0.0100, PPL: 63.69, |Param|: 2458.17, |GParam|: 4.35, Training: 7623/2733/4889 total/source/target tokens/sec	
Epoch: 1, Batch: 1460/2522, Batch size: 64, LR: 0.0100, PPL: 63.65, |Param|: 2458.17, |GParam|: 5.50, Training: 7621/2733/4888 total/source/target tokens/sec	
Epoch: 1, Batch: 1465/2522, Batch size: 64, LR: 0.0100, PPL: 63.60, |Param|: 2458.18, |GParam|: 4.51, Training: 7620/2732/4888 total/source/target tokens/sec	
Epoch: 1, Batch: 1470/2522, Batch size: 64, LR: 0.0100, PPL: 63.55, |Param|: 2458.18, |GParam|: 4.12, Training: 7620/2731/4888 total/source/target tokens/sec	
Epoch: 1, Batch: 1475/2522, Batch size: 64, LR: 0.0100, PPL: 63.50, |Param|: 2458.18, |GParam|: 4.85, Training: 7620/2731/4889 total/source/target tokens/sec	
Epoch: 1, Batch: 1480/2522, Batch size: 64, LR: 0.0100, PPL: 63.44, |Param|: 2458.19, |GParam|: 4.48, Training: 7619/2730/4888 total/source/target tokens/sec	
Epoch: 1, Batch: 1485/2522, Batch size: 64, LR: 0.0100, PPL: 63.40, |Param|: 2458.19, |GParam|: 4.87, Training: 7619/2731/4888 total/source/target tokens/sec	
Epoch: 1, Batch: 1490/2522, Batch size: 64, LR: 0.0100, PPL: 63.35, |Param|: 2458.19, |GParam|: 5.00, Training: 7618/2730/4888 total/source/target tokens/sec	
Epoch: 1, Batch: 1495/2522, Batch size: 64, LR: 0.0100, PPL: 63.29, |Param|: 2458.20, |GParam|: 5.15, Training: 7622/2732/4890 total/source/target tokens/sec	
Epoch: 1, Batch: 1500/2522, Batch size: 64, LR: 0.0100, PPL: 63.24, |Param|: 2458.20, |GParam|: 4.84, Training: 7622/2732/4890 total/source/target tokens/sec	
Epoch: 1, Batch: 1505/2522, Batch size: 64, LR: 0.0100, PPL: 63.19, |Param|: 2458.20, |GParam|: 5.03, Training: 7624/2733/4891 total/source/target tokens/sec	
Epoch: 1, Batch: 1510/2522, Batch size: 64, LR: 0.0100, PPL: 63.15, |Param|: 2458.21, |GParam|: 4.74, Training: 7626/2734/4891 total/source/target tokens/sec	
Epoch: 1, Batch: 1515/2522, Batch size: 64, LR: 0.0100, PPL: 63.12, |Param|: 2458.21, |GParam|: 4.93, Training: 7626/2735/4890 total/source/target tokens/sec	
Epoch: 1, Batch: 1520/2522, Batch size: 64, LR: 0.0100, PPL: 63.07, |Param|: 2458.22, |GParam|: 4.79, Training: 7627/2735/4891 total/source/target tokens/sec	
Epoch: 1, Batch: 1525/2522, Batch size: 64, LR: 0.0100, PPL: 63.03, |Param|: 2458.22, |GParam|: 6.73, Training: 7627/2736/4891 total/source/target tokens/sec	
Epoch: 1, Batch: 1530/2522, Batch size: 64, LR: 0.0100, PPL: 62.98, |Param|: 2458.23, |GParam|: 5.16, Training: 7626/2736/4889 total/source/target tokens/sec	
Epoch: 1, Batch: 1535/2522, Batch size: 64, LR: 0.0100, PPL: 62.93, |Param|: 2458.23, |GParam|: 4.38, Training: 7627/2737/4889 total/source/target tokens/sec	
Epoch: 1, Batch: 1540/2522, Batch size: 64, LR: 0.0100, PPL: 62.89, |Param|: 2458.23, |GParam|: 5.30, Training: 7628/2736/4891 total/source/target tokens/sec	
Epoch: 1, Batch: 1545/2522, Batch size: 64, LR: 0.0100, PPL: 62.85, |Param|: 2458.24, |GParam|: 4.51, Training: 7629/2738/4891 total/source/target tokens/sec	
Epoch: 1, Batch: 1550/2522, Batch size: 64, LR: 0.0100, PPL: 62.80, |Param|: 2458.24, |GParam|: 4.96, Training: 7630/2740/4890 total/source/target tokens/sec	
Epoch: 1, Batch: 1555/2522, Batch size: 64, LR: 0.0100, PPL: 62.76, |Param|: 2458.25, |GParam|: 5.33, Training: 7630/2741/4889 total/source/target tokens/sec	
Epoch: 1, Batch: 1560/2522, Batch size: 64, LR: 0.0100, PPL: 62.71, |Param|: 2458.25, |GParam|: 5.14, Training: 7631/2741/4889 total/source/target tokens/sec	
Epoch: 1, Batch: 1565/2522, Batch size: 64, LR: 0.0100, PPL: 62.64, |Param|: 2458.25, |GParam|: 4.76, Training: 7631/2739/4891 total/source/target tokens/sec	
Epoch: 1, Batch: 1570/2522, Batch size: 64, LR: 0.0100, PPL: 62.59, |Param|: 2458.26, |GParam|: 5.06, Training: 7632/2741/4891 total/source/target tokens/sec	
Epoch: 1, Batch: 1575/2522, Batch size: 64, LR: 0.0100, PPL: 62.54, |Param|: 2458.26, |GParam|: 4.91, Training: 7630/2742/4888 total/source/target tokens/sec	
Epoch: 1, Batch: 1580/2522, Batch size: 64, LR: 0.0100, PPL: 62.51, |Param|: 2458.26, |GParam|: 4.53, Training: 7632/2741/4891 total/source/target tokens/sec	
Epoch: 1, Batch: 1585/2522, Batch size: 64, LR: 0.0100, PPL: 62.46, |Param|: 2458.27, |GParam|: 4.90, Training: 7633/2741/4891 total/source/target tokens/sec	
Epoch: 1, Batch: 1590/2522, Batch size: 64, LR: 0.0100, PPL: 62.41, |Param|: 2458.27, |GParam|: 4.92, Training: 7633/2741/4892 total/source/target tokens/sec	
Epoch: 1, Batch: 1595/2522, Batch size: 64, LR: 0.0100, PPL: 62.36, |Param|: 2458.27, |GParam|: 4.96, Training: 7633/2740/4892 total/source/target tokens/sec	
Epoch: 1, Batch: 1600/2522, Batch size: 64, LR: 0.0100, PPL: 62.32, |Param|: 2458.28, |GParam|: 4.90, Training: 7634/2740/4893 total/source/target tokens/sec	
Epoch: 1, Batch: 1605/2522, Batch size: 64, LR: 0.0100, PPL: 62.26, |Param|: 2458.28, |GParam|: 4.94, Training: 7634/2741/4892 total/source/target tokens/sec	
Epoch: 1, Batch: 1610/2522, Batch size: 64, LR: 0.0100, PPL: 62.19, |Param|: 2458.29, |GParam|: 4.98, Training: 7634/2741/4893 total/source/target tokens/sec	
Epoch: 1, Batch: 1615/2522, Batch size: 64, LR: 0.0100, PPL: 62.17, |Param|: 2458.29, |GParam|: 4.94, Training: 7636/2741/4895 total/source/target tokens/sec	
Epoch: 1, Batch: 1620/2522, Batch size: 64, LR: 0.0100, PPL: 62.12, |Param|: 2458.29, |GParam|: 5.50, Training: 7636/2741/4895 total/source/target tokens/sec	
Epoch: 1, Batch: 1625/2522, Batch size: 64, LR: 0.0100, PPL: 62.08, |Param|: 2458.30, |GParam|: 4.41, Training: 7635/2739/4896 total/source/target tokens/sec	
Epoch: 1, Batch: 1630/2522, Batch size: 64, LR: 0.0100, PPL: 62.03, |Param|: 2458.30, |GParam|: 4.55, Training: 7635/2738/4896 total/source/target tokens/sec	
Epoch: 1, Batch: 1635/2522, Batch size: 64, LR: 0.0100, PPL: 61.97, |Param|: 2458.30, |GParam|: 5.27, Training: 7631/2737/4894 total/source/target tokens/sec	
Epoch: 1, Batch: 1640/2522, Batch size: 64, LR: 0.0100, PPL: 61.92, |Param|: 2458.31, |GParam|: 5.12, Training: 7631/2736/4895 total/source/target tokens/sec	
Epoch: 1, Batch: 1645/2522, Batch size: 64, LR: 0.0100, PPL: 61.88, |Param|: 2458.31, |GParam|: 4.44, Training: 7630/2735/4895 total/source/target tokens/sec	
Epoch: 1, Batch: 1650/2522, Batch size: 64, LR: 0.0100, PPL: 61.83, |Param|: 2458.31, |GParam|: 5.27, Training: 7630/2736/4894 total/source/target tokens/sec	
Epoch: 1, Batch: 1655/2522, Batch size: 64, LR: 0.0100, PPL: 61.79, |Param|: 2458.32, |GParam|: 4.92, Training: 7630/2735/4894 total/source/target tokens/sec	
Epoch: 1, Batch: 1660/2522, Batch size: 64, LR: 0.0100, PPL: 61.74, |Param|: 2458.32, |GParam|: 4.92, Training: 7631/2737/4893 total/source/target tokens/sec	
Epoch: 1, Batch: 1665/2522, Batch size: 64, LR: 0.0100, PPL: 61.69, |Param|: 2458.32, |GParam|: 4.31, Training: 7631/2738/4893 total/source/target tokens/sec	
Epoch: 1, Batch: 1670/2522, Batch size: 64, LR: 0.0100, PPL: 61.65, |Param|: 2458.33, |GParam|: 4.81, Training: 7630/2737/4893 total/source/target tokens/sec	
Epoch: 1, Batch: 1675/2522, Batch size: 64, LR: 0.0100, PPL: 61.61, |Param|: 2458.33, |GParam|: 4.27, Training: 7626/2735/4891 total/source/target tokens/sec	
Epoch: 1, Batch: 1680/2522, Batch size: 64, LR: 0.0100, PPL: 61.57, |Param|: 2458.33, |GParam|: 4.12, Training: 7627/2733/4893 total/source/target tokens/sec	
Epoch: 1, Batch: 1685/2522, Batch size: 64, LR: 0.0100, PPL: 61.54, |Param|: 2458.34, |GParam|: 5.53, Training: 7629/2735/4894 total/source/target tokens/sec	
Epoch: 1, Batch: 1690/2522, Batch size: 64, LR: 0.0100, PPL: 61.49, |Param|: 2458.34, |GParam|: 4.64, Training: 7630/2735/4894 total/source/target tokens/sec	
Epoch: 1, Batch: 1695/2522, Batch size: 64, LR: 0.0100, PPL: 61.47, |Param|: 2458.34, |GParam|: 5.22, Training: 7628/2735/4892 total/source/target tokens/sec	
Epoch: 1, Batch: 1700/2522, Batch size: 64, LR: 0.0100, PPL: 61.43, |Param|: 2458.34, |GParam|: 5.12, Training: 7630/2736/4893 total/source/target tokens/sec	
Epoch: 1, Batch: 1705/2522, Batch size: 64, LR: 0.0100, PPL: 61.38, |Param|: 2458.35, |GParam|: 4.76, Training: 7632/2738/4894 total/source/target tokens/sec	
Epoch: 1, Batch: 1710/2522, Batch size: 64, LR: 0.0100, PPL: 61.35, |Param|: 2458.35, |GParam|: 5.09, Training: 7633/2738/4895 total/source/target tokens/sec	
Epoch: 1, Batch: 1715/2522, Batch size: 64, LR: 0.0100, PPL: 61.32, |Param|: 2458.35, |GParam|: 6.09, Training: 7633/2738/4894 total/source/target tokens/sec	
Epoch: 1, Batch: 1720/2522, Batch size: 64, LR: 0.0100, PPL: 61.28, |Param|: 2458.36, |GParam|: 4.23, Training: 7634/2738/4896 total/source/target tokens/sec	
Epoch: 1, Batch: 1725/2522, Batch size: 64, LR: 0.0100, PPL: 61.23, |Param|: 2458.36, |GParam|: 5.14, Training: 7635/2737/4897 total/source/target tokens/sec	
Epoch: 1, Batch: 1730/2522, Batch size: 64, LR: 0.0100, PPL: 61.19, |Param|: 2458.36, |GParam|: 4.88, Training: 7633/2736/4897 total/source/target tokens/sec	
Epoch: 1, Batch: 1735/2522, Batch size: 64, LR: 0.0100, PPL: 61.15, |Param|: 2458.37, |GParam|: 4.86, Training: 7633/2737/4896 total/source/target tokens/sec	
Epoch: 1, Batch: 1740/2522, Batch size: 64, LR: 0.0100, PPL: 61.11, |Param|: 2458.37, |GParam|: 4.75, Training: 7634/2738/4896 total/source/target tokens/sec	
Epoch: 1, Batch: 1745/2522, Batch size: 64, LR: 0.0100, PPL: 61.08, |Param|: 2458.37, |GParam|: 4.96, Training: 7635/2739/4896 total/source/target tokens/sec	
Epoch: 1, Batch: 1750/2522, Batch size: 64, LR: 0.0100, PPL: 61.05, |Param|: 2458.37, |GParam|: 4.67, Training: 7635/2739/4895 total/source/target tokens/sec	
Epoch: 1, Batch: 1755/2522, Batch size: 64, LR: 0.0100, PPL: 61.00, |Param|: 2458.38, |GParam|: 4.85, Training: 7636/2738/4898 total/source/target tokens/sec	
Epoch: 1, Batch: 1760/2522, Batch size: 64, LR: 0.0100, PPL: 60.96, |Param|: 2458.38, |GParam|: 4.71, Training: 7636/2739/4896 total/source/target tokens/sec	
Epoch: 1, Batch: 1765/2522, Batch size: 64, LR: 0.0100, PPL: 60.92, |Param|: 2458.38, |GParam|: 4.54, Training: 7636/2740/4896 total/source/target tokens/sec	
Epoch: 1, Batch: 1770/2522, Batch size: 64, LR: 0.0100, PPL: 60.87, |Param|: 2458.39, |GParam|: 5.38, Training: 7637/2741/4896 total/source/target tokens/sec	
Epoch: 1, Batch: 1775/2522, Batch size: 64, LR: 0.0100, PPL: 60.83, |Param|: 2458.39, |GParam|: 5.79, Training: 7637/2742/4895 total/source/target tokens/sec	
Epoch: 1, Batch: 1780/2522, Batch size: 64, LR: 0.0100, PPL: 60.79, |Param|: 2458.39, |GParam|: 4.42, Training: 7637/2742/4895 total/source/target tokens/sec	
Epoch: 1, Batch: 1785/2522, Batch size: 64, LR: 0.0100, PPL: 60.74, |Param|: 2458.40, |GParam|: 4.64, Training: 7639/2742/4896 total/source/target tokens/sec	
Epoch: 1, Batch: 1790/2522, Batch size: 64, LR: 0.0100, PPL: 60.71, |Param|: 2458.40, |GParam|: 4.60, Training: 7639/2743/4895 total/source/target tokens/sec	
Epoch: 1, Batch: 1795/2522, Batch size: 64, LR: 0.0100, PPL: 60.66, |Param|: 2458.40, |GParam|: 4.40, Training: 7638/2742/4896 total/source/target tokens/sec	
Epoch: 1, Batch: 1800/2522, Batch size: 64, LR: 0.0100, PPL: 60.61, |Param|: 2458.40, |GParam|: 5.06, Training: 7638/2744/4893 total/source/target tokens/sec	
Epoch: 1, Batch: 1805/2522, Batch size: 64, LR: 0.0100, PPL: 60.56, |Param|: 2458.41, |GParam|: 5.75, Training: 7638/2744/4894 total/source/target tokens/sec	
Epoch: 1, Batch: 1810/2522, Batch size: 64, LR: 0.0100, PPL: 60.53, |Param|: 2458.41, |GParam|: 5.25, Training: 7639/2745/4894 total/source/target tokens/sec	
Epoch: 1, Batch: 1815/2522, Batch size: 64, LR: 0.0100, PPL: 60.49, |Param|: 2458.41, |GParam|: 5.48, Training: 7639/2744/4895 total/source/target tokens/sec	
Epoch: 1, Batch: 1820/2522, Batch size: 64, LR: 0.0100, PPL: 60.46, |Param|: 2458.41, |GParam|: 4.52, Training: 7639/2743/4896 total/source/target tokens/sec	
Epoch: 1, Batch: 1825/2522, Batch size: 64, LR: 0.0100, PPL: 60.42, |Param|: 2458.42, |GParam|: 4.77, Training: 7641/2742/4898 total/source/target tokens/sec	
Epoch: 1, Batch: 1830/2522, Batch size: 64, LR: 0.0100, PPL: 60.36, |Param|: 2458.42, |GParam|: 4.91, Training: 7640/2742/4898 total/source/target tokens/sec	
Epoch: 1, Batch: 1835/2522, Batch size: 64, LR: 0.0100, PPL: 60.31, |Param|: 2458.42, |GParam|: 4.37, Training: 7642/2742/4900 total/source/target tokens/sec	
Epoch: 1, Batch: 1840/2522, Batch size: 64, LR: 0.0100, PPL: 60.26, |Param|: 2458.43, |GParam|: 5.27, Training: 7642/2741/4901 total/source/target tokens/sec	
Epoch: 1, Batch: 1845/2522, Batch size: 64, LR: 0.0100, PPL: 60.23, |Param|: 2458.43, |GParam|: 5.01, Training: 7642/2741/4900 total/source/target tokens/sec	
Epoch: 1, Batch: 1850/2522, Batch size: 64, LR: 0.0100, PPL: 60.18, |Param|: 2458.43, |GParam|: 4.96, Training: 7643/2741/4901 total/source/target tokens/sec	
Epoch: 1, Batch: 1855/2522, Batch size: 64, LR: 0.0100, PPL: 60.15, |Param|: 2458.43, |GParam|: 5.15, Training: 7643/2740/4902 total/source/target tokens/sec	
Epoch: 1, Batch: 1860/2522, Batch size: 64, LR: 0.0100, PPL: 60.09, |Param|: 2458.44, |GParam|: 4.65, Training: 7643/2740/4902 total/source/target tokens/sec	
Epoch: 1, Batch: 1865/2522, Batch size: 64, LR: 0.0100, PPL: 60.04, |Param|: 2458.44, |GParam|: 4.85, Training: 7644/2739/4905 total/source/target tokens/sec	
Epoch: 1, Batch: 1870/2522, Batch size: 64, LR: 0.0100, PPL: 60.01, |Param|: 2458.44, |GParam|: 5.27, Training: 7644/2739/4905 total/source/target tokens/sec	
Epoch: 1, Batch: 1875/2522, Batch size: 64, LR: 0.0100, PPL: 59.99, |Param|: 2458.45, |GParam|: 5.30, Training: 7646/2739/4906 total/source/target tokens/sec	
Epoch: 1, Batch: 1880/2522, Batch size: 64, LR: 0.0100, PPL: 59.94, |Param|: 2458.45, |GParam|: 4.49, Training: 7646/2740/4906 total/source/target tokens/sec	
Epoch: 1, Batch: 1885/2522, Batch size: 64, LR: 0.0100, PPL: 59.92, |Param|: 2458.45, |GParam|: 4.88, Training: 7645/2739/4905 total/source/target tokens/sec	
Epoch: 1, Batch: 1890/2522, Batch size: 64, LR: 0.0100, PPL: 59.87, |Param|: 2458.45, |GParam|: 5.18, Training: 7645/2740/4904 total/source/target tokens/sec	
Epoch: 1, Batch: 1895/2522, Batch size: 64, LR: 0.0100, PPL: 59.83, |Param|: 2458.46, |GParam|: 4.53, Training: 7646/2739/4906 total/source/target tokens/sec	
Epoch: 1, Batch: 1900/2522, Batch size: 64, LR: 0.0100, PPL: 59.79, |Param|: 2458.46, |GParam|: 5.72, Training: 7641/2738/4903 total/source/target tokens/sec	
Epoch: 1, Batch: 1905/2522, Batch size: 64, LR: 0.0100, PPL: 59.75, |Param|: 2458.46, |GParam|: 5.05, Training: 7644/2738/4906 total/source/target tokens/sec	
Epoch: 1, Batch: 1910/2522, Batch size: 64, LR: 0.0100, PPL: 59.71, |Param|: 2458.47, |GParam|: 5.08, Training: 7645/2739/4905 total/source/target tokens/sec	
Epoch: 1, Batch: 1915/2522, Batch size: 64, LR: 0.0100, PPL: 59.68, |Param|: 2458.47, |GParam|: 5.22, Training: 7647/2740/4906 total/source/target tokens/sec	
Epoch: 1, Batch: 1920/2522, Batch size: 64, LR: 0.0100, PPL: 59.66, |Param|: 2458.47, |GParam|: 5.55, Training: 7644/2741/4903 total/source/target tokens/sec	
Epoch: 1, Batch: 1925/2522, Batch size: 64, LR: 0.0100, PPL: 59.62, |Param|: 2458.47, |GParam|: 4.34, Training: 7644/2740/4903 total/source/target tokens/sec	
Epoch: 1, Batch: 1930/2522, Batch size: 64, LR: 0.0100, PPL: 59.57, |Param|: 2458.47, |GParam|: 4.51, Training: 7641/2739/4901 total/source/target tokens/sec	
Epoch: 1, Batch: 1935/2522, Batch size: 64, LR: 0.0100, PPL: 59.55, |Param|: 2458.48, |GParam|: 5.15, Training: 7640/2738/4901 total/source/target tokens/sec	
Epoch: 1, Batch: 1940/2522, Batch size: 64, LR: 0.0100, PPL: 59.52, |Param|: 2458.48, |GParam|: 5.07, Training: 7642/2738/4903 total/source/target tokens/sec	
Epoch: 1, Batch: 1945/2522, Batch size: 64, LR: 0.0100, PPL: 59.46, |Param|: 2458.48, |GParam|: 4.25, Training: 7642/2738/4903 total/source/target tokens/sec	
Epoch: 1, Batch: 1950/2522, Batch size: 64, LR: 0.0100, PPL: 59.41, |Param|: 2458.49, |GParam|: 5.17, Training: 7644/2739/4904 total/source/target tokens/sec	
Epoch: 1, Batch: 1955/2522, Batch size: 38, LR: 0.0100, PPL: 59.37, |Param|: 2458.49, |GParam|: 5.25, Training: 7643/2737/4905 total/source/target tokens/sec	
Epoch: 1, Batch: 1960/2522, Batch size: 64, LR: 0.0100, PPL: 59.32, |Param|: 2458.49, |GParam|: 5.08, Training: 7645/2738/4906 total/source/target tokens/sec	
Epoch: 1, Batch: 1965/2522, Batch size: 64, LR: 0.0100, PPL: 59.29, |Param|: 2458.49, |GParam|: 5.29, Training: 7644/2737/4907 total/source/target tokens/sec	
Epoch: 1, Batch: 1970/2522, Batch size: 64, LR: 0.0100, PPL: 59.27, |Param|: 2458.49, |GParam|: 5.09, Training: 7645/2736/4908 total/source/target tokens/sec	
Epoch: 1, Batch: 1975/2522, Batch size: 64, LR: 0.0100, PPL: 59.22, |Param|: 2458.50, |GParam|: 5.05, Training: 7643/2735/4908 total/source/target tokens/sec	
Epoch: 1, Batch: 1980/2522, Batch size: 64, LR: 0.0100, PPL: 59.21, |Param|: 2458.50, |GParam|: 5.04, Training: 7643/2736/4907 total/source/target tokens/sec	
Epoch: 1, Batch: 1985/2522, Batch size: 64, LR: 0.0100, PPL: 59.18, |Param|: 2458.50, |GParam|: 4.71, Training: 7644/2737/4907 total/source/target tokens/sec	
Epoch: 1, Batch: 1990/2522, Batch size: 64, LR: 0.0100, PPL: 59.15, |Param|: 2458.51, |GParam|: 4.66, Training: 7645/2736/4908 total/source/target tokens/sec	
Epoch: 1, Batch: 1995/2522, Batch size: 64, LR: 0.0100, PPL: 59.12, |Param|: 2458.51, |GParam|: 5.19, Training: 7645/2737/4907 total/source/target tokens/sec	
Epoch: 1, Batch: 2000/2522, Batch size: 64, LR: 0.0100, PPL: 59.09, |Param|: 2458.51, |GParam|: 4.76, Training: 7644/2737/4907 total/source/target tokens/sec	
Epoch: 1, Batch: 2005/2522, Batch size: 64, LR: 0.0100, PPL: 59.05, |Param|: 2458.51, |GParam|: 4.99, Training: 7643/2736/4907 total/source/target tokens/sec	
Epoch: 1, Batch: 2010/2522, Batch size: 64, LR: 0.0100, PPL: 59.00, |Param|: 2458.51, |GParam|: 4.94, Training: 7645/2736/4908 total/source/target tokens/sec	
Epoch: 1, Batch: 2015/2522, Batch size: 64, LR: 0.0100, PPL: 58.96, |Param|: 2458.52, |GParam|: 4.98, Training: 7645/2735/4910 total/source/target tokens/sec	
Epoch: 1, Batch: 2020/2522, Batch size: 64, LR: 0.0100, PPL: 58.94, |Param|: 2458.52, |GParam|: 4.72, Training: 7644/2733/4911 total/source/target tokens/sec	
Epoch: 1, Batch: 2025/2522, Batch size: 64, LR: 0.0100, PPL: 58.90, |Param|: 2458.52, |GParam|: 4.35, Training: 7646/2733/4912 total/source/target tokens/sec	
Epoch: 1, Batch: 2030/2522, Batch size: 64, LR: 0.0100, PPL: 58.87, |Param|: 2458.53, |GParam|: 5.34, Training: 7644/2734/4910 total/source/target tokens/sec	
Epoch: 1, Batch: 2035/2522, Batch size: 64, LR: 0.0100, PPL: 58.85, |Param|: 2458.53, |GParam|: 4.67, Training: 7645/2734/4910 total/source/target tokens/sec	
Epoch: 1, Batch: 2040/2522, Batch size: 64, LR: 0.0100, PPL: 58.80, |Param|: 2458.53, |GParam|: 4.57, Training: 7645/2734/4911 total/source/target tokens/sec	
Epoch: 1, Batch: 2045/2522, Batch size: 64, LR: 0.0100, PPL: 58.77, |Param|: 2458.54, |GParam|: 4.63, Training: 7644/2734/4910 total/source/target tokens/sec	
Epoch: 1, Batch: 2050/2522, Batch size: 64, LR: 0.0100, PPL: 58.72, |Param|: 2458.54, |GParam|: 4.55, Training: 7645/2735/4909 total/source/target tokens/sec	
Epoch: 1, Batch: 2055/2522, Batch size: 64, LR: 0.0100, PPL: 58.70, |Param|: 2458.54, |GParam|: 5.23, Training: 7641/2733/4907 total/source/target tokens/sec	
Epoch: 1, Batch: 2060/2522, Batch size: 64, LR: 0.0100, PPL: 58.69, |Param|: 2458.54, |GParam|: 5.29, Training: 7641/2734/4907 total/source/target tokens/sec	
Epoch: 1, Batch: 2065/2522, Batch size: 64, LR: 0.0100, PPL: 58.68, |Param|: 2458.54, |GParam|: 5.19, Training: 7641/2733/4907 total/source/target tokens/sec	
Epoch: 1, Batch: 2070/2522, Batch size: 64, LR: 0.0100, PPL: 58.65, |Param|: 2458.55, |GParam|: 5.86, Training: 7643/2734/4908 total/source/target tokens/sec	
Epoch: 1, Batch: 2075/2522, Batch size: 64, LR: 0.0100, PPL: 58.62, |Param|: 2458.55, |GParam|: 4.94, Training: 7643/2734/4908 total/source/target tokens/sec	
Epoch: 1, Batch: 2080/2522, Batch size: 64, LR: 0.0100, PPL: 58.59, |Param|: 2458.55, |GParam|: 6.02, Training: 7646/2735/4911 total/source/target tokens/sec	
Epoch: 1, Batch: 2085/2522, Batch size: 64, LR: 0.0100, PPL: 58.55, |Param|: 2458.55, |GParam|: 5.08, Training: 7645/2733/4911 total/source/target tokens/sec	
Epoch: 1, Batch: 2090/2522, Batch size: 64, LR: 0.0100, PPL: 58.51, |Param|: 2458.55, |GParam|: 5.02, Training: 7647/2735/4912 total/source/target tokens/sec	
Epoch: 1, Batch: 2095/2522, Batch size: 64, LR: 0.0100, PPL: 58.47, |Param|: 2458.56, |GParam|: 4.77, Training: 7646/2735/4911 total/source/target tokens/sec	
Epoch: 1, Batch: 2100/2522, Batch size: 64, LR: 0.0100, PPL: 58.45, |Param|: 2458.56, |GParam|: 4.74, Training: 7647/2736/4910 total/source/target tokens/sec	
Epoch: 1, Batch: 2105/2522, Batch size: 64, LR: 0.0100, PPL: 58.41, |Param|: 2458.56, |GParam|: 4.61, Training: 7648/2735/4912 total/source/target tokens/sec	
Epoch: 1, Batch: 2110/2522, Batch size: 64, LR: 0.0100, PPL: 58.39, |Param|: 2458.57, |GParam|: 5.59, Training: 7649/2735/4914 total/source/target tokens/sec	
Epoch: 1, Batch: 2115/2522, Batch size: 64, LR: 0.0100, PPL: 58.36, |Param|: 2458.57, |GParam|: 5.62, Training: 7648/2733/4914 total/source/target tokens/sec	
Epoch: 1, Batch: 2120/2522, Batch size: 64, LR: 0.0100, PPL: 58.34, |Param|: 2458.57, |GParam|: 5.34, Training: 7649/2734/4914 total/source/target tokens/sec	
Epoch: 1, Batch: 2125/2522, Batch size: 64, LR: 0.0100, PPL: 58.31, |Param|: 2458.57, |GParam|: 5.08, Training: 7650/2735/4914 total/source/target tokens/sec	
Epoch: 1, Batch: 2130/2522, Batch size: 64, LR: 0.0100, PPL: 58.28, |Param|: 2458.57, |GParam|: 4.43, Training: 7650/2736/4914 total/source/target tokens/sec	
Epoch: 1, Batch: 2135/2522, Batch size: 64, LR: 0.0100, PPL: 58.27, |Param|: 2458.58, |GParam|: 4.85, Training: 7651/2737/4913 total/source/target tokens/sec	
Epoch: 1, Batch: 2140/2522, Batch size: 64, LR: 0.0100, PPL: 58.24, |Param|: 2458.58, |GParam|: 5.01, Training: 7651/2738/4912 total/source/target tokens/sec	
Epoch: 1, Batch: 2145/2522, Batch size: 64, LR: 0.0100, PPL: 58.21, |Param|: 2458.58, |GParam|: 4.88, Training: 7650/2737/4912 total/source/target tokens/sec	
Epoch: 1, Batch: 2150/2522, Batch size: 64, LR: 0.0100, PPL: 58.19, |Param|: 2458.59, |GParam|: 5.33, Training: 7650/2739/4911 total/source/target tokens/sec	
Epoch: 1, Batch: 2155/2522, Batch size: 64, LR: 0.0100, PPL: 58.17, |Param|: 2458.59, |GParam|: 5.01, Training: 7650/2738/4912 total/source/target tokens/sec	
Epoch: 1, Batch: 2160/2522, Batch size: 64, LR: 0.0100, PPL: 58.13, |Param|: 2458.59, |GParam|: 4.17, Training: 7650/2737/4913 total/source/target tokens/sec	
Epoch: 1, Batch: 2165/2522, Batch size: 64, LR: 0.0100, PPL: 58.11, |Param|: 2458.59, |GParam|: 5.39, Training: 7651/2737/4914 total/source/target tokens/sec	
Epoch: 1, Batch: 2170/2522, Batch size: 64, LR: 0.0100, PPL: 58.09, |Param|: 2458.59, |GParam|: 4.92, Training: 7652/2737/4914 total/source/target tokens/sec	
Epoch: 1, Batch: 2175/2522, Batch size: 64, LR: 0.0100, PPL: 58.08, |Param|: 2458.60, |GParam|: 5.75, Training: 7652/2738/4914 total/source/target tokens/sec	
Epoch: 1, Batch: 2180/2522, Batch size: 64, LR: 0.0100, PPL: 58.03, |Param|: 2458.60, |GParam|: 5.48, Training: 7653/2739/4913 total/source/target tokens/sec	
Epoch: 1, Batch: 2185/2522, Batch size: 64, LR: 0.0100, PPL: 58.00, |Param|: 2458.60, |GParam|: 4.47, Training: 7652/2739/4912 total/source/target tokens/sec	
Epoch: 1, Batch: 2190/2522, Batch size: 64, LR: 0.0100, PPL: 57.97, |Param|: 2458.60, |GParam|: 5.18, Training: 7653/2740/4912 total/source/target tokens/sec	
Epoch: 1, Batch: 2195/2522, Batch size: 64, LR: 0.0100, PPL: 57.94, |Param|: 2458.60, |GParam|: 4.46, Training: 7653/2739/4914 total/source/target tokens/sec	
Epoch: 1, Batch: 2200/2522, Batch size: 64, LR: 0.0100, PPL: 57.91, |Param|: 2458.60, |GParam|: 5.18, Training: 7653/2740/4913 total/source/target tokens/sec	
Epoch: 1, Batch: 2205/2522, Batch size: 64, LR: 0.0100, PPL: 57.89, |Param|: 2458.61, |GParam|: 4.43, Training: 7652/2739/4913 total/source/target tokens/sec	
Epoch: 1, Batch: 2210/2522, Batch size: 64, LR: 0.0100, PPL: 57.85, |Param|: 2458.61, |GParam|: 5.13, Training: 7653/2739/4914 total/source/target tokens/sec	
Epoch: 1, Batch: 2215/2522, Batch size: 64, LR: 0.0100, PPL: 57.82, |Param|: 2458.61, |GParam|: 4.98, Training: 7655/2740/4915 total/source/target tokens/sec	
Epoch: 1, Batch: 2220/2522, Batch size: 64, LR: 0.0100, PPL: 57.80, |Param|: 2458.61, |GParam|: 4.71, Training: 7655/2741/4914 total/source/target tokens/sec	
Epoch: 1, Batch: 2225/2522, Batch size: 64, LR: 0.0100, PPL: 57.77, |Param|: 2458.61, |GParam|: 5.41, Training: 7655/2742/4913 total/source/target tokens/sec	
Epoch: 1, Batch: 2230/2522, Batch size: 64, LR: 0.0100, PPL: 57.75, |Param|: 2458.62, |GParam|: 4.32, Training: 7655/2741/4913 total/source/target tokens/sec	
Epoch: 1, Batch: 2235/2522, Batch size: 64, LR: 0.0100, PPL: 57.72, |Param|: 2458.62, |GParam|: 4.54, Training: 7654/2740/4913 total/source/target tokens/sec	
Epoch: 1, Batch: 2240/2522, Batch size: 64, LR: 0.0100, PPL: 57.69, |Param|: 2458.62, |GParam|: 5.00, Training: 7654/2741/4913 total/source/target tokens/sec	
Epoch: 1, Batch: 2245/2522, Batch size: 64, LR: 0.0100, PPL: 57.66, |Param|: 2458.62, |GParam|: 5.81, Training: 7653/2741/4912 total/source/target tokens/sec	
Epoch: 1, Batch: 2250/2522, Batch size: 64, LR: 0.0100, PPL: 57.62, |Param|: 2458.62, |GParam|: 5.15, Training: 7654/2742/4911 total/source/target tokens/sec	
Epoch: 1, Batch: 2255/2522, Batch size: 64, LR: 0.0100, PPL: 57.60, |Param|: 2458.63, |GParam|: 4.84, Training: 7654/2741/4912 total/source/target tokens/sec	
Epoch: 1, Batch: 2260/2522, Batch size: 64, LR: 0.0100, PPL: 57.57, |Param|: 2458.63, |GParam|: 5.00, Training: 7653/2741/4912 total/source/target tokens/sec	
Epoch: 1, Batch: 2265/2522, Batch size: 64, LR: 0.0100, PPL: 57.54, |Param|: 2458.63, |GParam|: 5.13, Training: 7654/2742/4911 total/source/target tokens/sec	
Epoch: 1, Batch: 2270/2522, Batch size: 64, LR: 0.0100, PPL: 57.52, |Param|: 2458.63, |GParam|: 4.85, Training: 7654/2742/4912 total/source/target tokens/sec	
Epoch: 1, Batch: 2275/2522, Batch size: 64, LR: 0.0100, PPL: 57.49, |Param|: 2458.64, |GParam|: 4.23, Training: 7655/2743/4912 total/source/target tokens/sec	
Epoch: 1, Batch: 2280/2522, Batch size: 64, LR: 0.0100, PPL: 57.46, |Param|: 2458.64, |GParam|: 4.41, Training: 7655/2742/4913 total/source/target tokens/sec	
Epoch: 1, Batch: 2285/2522, Batch size: 64, LR: 0.0100, PPL: 57.44, |Param|: 2458.64, |GParam|: 4.62, Training: 7654/2741/4913 total/source/target tokens/sec	
Epoch: 1, Batch: 2290/2522, Batch size: 64, LR: 0.0100, PPL: 57.42, |Param|: 2458.64, |GParam|: 5.00, Training: 7653/2739/4914 total/source/target tokens/sec	
Epoch: 1, Batch: 2295/2522, Batch size: 64, LR: 0.0100, PPL: 57.40, |Param|: 2458.64, |GParam|: 5.27, Training: 7654/2740/4913 total/source/target tokens/sec	
Epoch: 1, Batch: 2300/2522, Batch size: 64, LR: 0.0100, PPL: 57.38, |Param|: 2458.65, |GParam|: 4.79, Training: 7653/2739/4914 total/source/target tokens/sec	
Epoch: 1, Batch: 2305/2522, Batch size: 64, LR: 0.0100, PPL: 57.35, |Param|: 2458.65, |GParam|: 4.50, Training: 7654/2740/4914 total/source/target tokens/sec	
Epoch: 1, Batch: 2310/2522, Batch size: 64, LR: 0.0100, PPL: 57.32, |Param|: 2458.65, |GParam|: 4.88, Training: 7655/2740/4914 total/source/target tokens/sec	
Epoch: 1, Batch: 2315/2522, Batch size: 64, LR: 0.0100, PPL: 57.29, |Param|: 2458.65, |GParam|: 5.18, Training: 7656/2741/4915 total/source/target tokens/sec	
Epoch: 1, Batch: 2320/2522, Batch size: 64, LR: 0.0100, PPL: 57.26, |Param|: 2458.65, |GParam|: 4.77, Training: 7657/2741/4915 total/source/target tokens/sec	
Epoch: 1, Batch: 2325/2522, Batch size: 64, LR: 0.0100, PPL: 57.25, |Param|: 2458.66, |GParam|: 5.90, Training: 7657/2742/4915 total/source/target tokens/sec	
Epoch: 1, Batch: 2330/2522, Batch size: 64, LR: 0.0100, PPL: 57.22, |Param|: 2458.66, |GParam|: 4.82, Training: 7658/2742/4916 total/source/target tokens/sec	
Epoch: 1, Batch: 2335/2522, Batch size: 64, LR: 0.0100, PPL: 57.20, |Param|: 2458.66, |GParam|: 4.88, Training: 7656/2741/4915 total/source/target tokens/sec	
Epoch: 1, Batch: 2340/2522, Batch size: 64, LR: 0.0100, PPL: 57.17, |Param|: 2458.66, |GParam|: 4.88, Training: 7657/2740/4916 total/source/target tokens/sec	
Epoch: 1, Batch: 2345/2522, Batch size: 64, LR: 0.0100, PPL: 57.14, |Param|: 2458.67, |GParam|: 4.72, Training: 7658/2742/4915 total/source/target tokens/sec	
Epoch: 1, Batch: 2350/2522, Batch size: 64, LR: 0.0100, PPL: 57.10, |Param|: 2458.67, |GParam|: 4.91, Training: 7659/2742/4916 total/source/target tokens/sec	
Epoch: 1, Batch: 2355/2522, Batch size: 64, LR: 0.0100, PPL: 57.06, |Param|: 2458.67, |GParam|: 5.04, Training: 7660/2743/4916 total/source/target tokens/sec	
Epoch: 1, Batch: 2360/2522, Batch size: 64, LR: 0.0100, PPL: 57.04, |Param|: 2458.67, |GParam|: 4.99, Training: 7661/2743/4917 total/source/target tokens/sec	
Epoch: 1, Batch: 2365/2522, Batch size: 64, LR: 0.0100, PPL: 57.00, |Param|: 2458.67, |GParam|: 4.94, Training: 7660/2743/4917 total/source/target tokens/sec	
Epoch: 1, Batch: 2370/2522, Batch size: 64, LR: 0.0100, PPL: 56.98, |Param|: 2458.68, |GParam|: 4.67, Training: 7662/2744/4918 total/source/target tokens/sec	
Epoch: 1, Batch: 2375/2522, Batch size: 64, LR: 0.0100, PPL: 56.96, |Param|: 2458.68, |GParam|: 5.03, Training: 7661/2744/4916 total/source/target tokens/sec	
Epoch: 1, Batch: 2380/2522, Batch size: 64, LR: 0.0100, PPL: 56.94, |Param|: 2458.68, |GParam|: 5.03, Training: 7660/2745/4915 total/source/target tokens/sec	
Epoch: 1, Batch: 2385/2522, Batch size: 64, LR: 0.0100, PPL: 56.91, |Param|: 2458.68, |GParam|: 5.00, Training: 7661/2746/4915 total/source/target tokens/sec	
Epoch: 1, Batch: 2390/2522, Batch size: 64, LR: 0.0100, PPL: 56.89, |Param|: 2458.68, |GParam|: 4.77, Training: 7660/2745/4915 total/source/target tokens/sec	
Epoch: 1, Batch: 2395/2522, Batch size: 64, LR: 0.0100, PPL: 56.85, |Param|: 2458.69, |GParam|: 5.35, Training: 7661/2745/4916 total/source/target tokens/sec	
Epoch: 1, Batch: 2400/2522, Batch size: 64, LR: 0.0100, PPL: 56.83, |Param|: 2458.69, |GParam|: 5.63, Training: 7662/2746/4916 total/source/target tokens/sec	
Epoch: 1, Batch: 2405/2522, Batch size: 64, LR: 0.0100, PPL: 56.80, |Param|: 2458.69, |GParam|: 4.16, Training: 7661/2744/4916 total/source/target tokens/sec	
Epoch: 1, Batch: 2410/2522, Batch size: 64, LR: 0.0100, PPL: 56.78, |Param|: 2458.69, |GParam|: 4.68, Training: 7661/2744/4916 total/source/target tokens/sec	
Epoch: 1, Batch: 2415/2522, Batch size: 64, LR: 0.0100, PPL: 56.75, |Param|: 2458.69, |GParam|: 4.56, Training: 7661/2743/4917 total/source/target tokens/sec	
Epoch: 1, Batch: 2420/2522, Batch size: 64, LR: 0.0100, PPL: 56.73, |Param|: 2458.69, |GParam|: 4.87, Training: 7662/2743/4919 total/source/target tokens/sec	
Epoch: 1, Batch: 2425/2522, Batch size: 64, LR: 0.0100, PPL: 56.71, |Param|: 2458.70, |GParam|: 4.79, Training: 7662/2742/4919 total/source/target tokens/sec	
Epoch: 1, Batch: 2430/2522, Batch size: 64, LR: 0.0100, PPL: 56.69, |Param|: 2458.70, |GParam|: 5.76, Training: 7662/2742/4920 total/source/target tokens/sec	
Epoch: 1, Batch: 2435/2522, Batch size: 64, LR: 0.0100, PPL: 56.66, |Param|: 2458.70, |GParam|: 5.01, Training: 7660/2743/4917 total/source/target tokens/sec	
Epoch: 1, Batch: 2440/2522, Batch size: 64, LR: 0.0100, PPL: 56.64, |Param|: 2458.70, |GParam|: 4.74, Training: 7660/2743/4917 total/source/target tokens/sec	
Epoch: 1, Batch: 2445/2522, Batch size: 64, LR: 0.0100, PPL: 56.62, |Param|: 2458.70, |GParam|: 5.99, Training: 7660/2743/4917 total/source/target tokens/sec	
Epoch: 1, Batch: 2450/2522, Batch size: 64, LR: 0.0100, PPL: 56.61, |Param|: 2458.71, |GParam|: 5.51, Training: 7660/2743/4917 total/source/target tokens/sec	
Epoch: 1, Batch: 2455/2522, Batch size: 64, LR: 0.0100, PPL: 56.58, |Param|: 2458.71, |GParam|: 4.88, Training: 7661/2743/4918 total/source/target tokens/sec	
Epoch: 1, Batch: 2460/2522, Batch size: 64, LR: 0.0100, PPL: 56.56, |Param|: 2458.71, |GParam|: 5.01, Training: 7662/2742/4919 total/source/target tokens/sec	
Epoch: 1, Batch: 2465/2522, Batch size: 64, LR: 0.0100, PPL: 56.52, |Param|: 2458.71, |GParam|: 4.66, Training: 7662/2742/4919 total/source/target tokens/sec	
Epoch: 1, Batch: 2470/2522, Batch size: 64, LR: 0.0100, PPL: 56.51, |Param|: 2458.71, |GParam|: 4.36, Training: 7663/2744/4919 total/source/target tokens/sec	
Epoch: 1, Batch: 2475/2522, Batch size: 64, LR: 0.0100, PPL: 56.49, |Param|: 2458.72, |GParam|: 4.60, Training: 7666/2745/4920 total/source/target tokens/sec	
Epoch: 1, Batch: 2480/2522, Batch size: 64, LR: 0.0100, PPL: 56.47, |Param|: 2458.72, |GParam|: 5.49, Training: 7670/2747/4923 total/source/target tokens/sec	
Epoch: 1, Batch: 2485/2522, Batch size: 64, LR: 0.0100, PPL: 56.44, |Param|: 2458.72, |GParam|: 5.01, Training: 7674/2748/4926 total/source/target tokens/sec	
Epoch: 1, Batch: 2490/2522, Batch size: 64, LR: 0.0100, PPL: 56.40, |Param|: 2458.72, |GParam|: 5.13, Training: 7676/2749/4927 total/source/target tokens/sec	
Epoch: 1, Batch: 2495/2522, Batch size: 64, LR: 0.0100, PPL: 56.38, |Param|: 2458.72, |GParam|: 4.28, Training: 7677/2749/4927 total/source/target tokens/sec	
Epoch: 1, Batch: 2500/2522, Batch size: 64, LR: 0.0100, PPL: 56.36, |Param|: 2458.73, |GParam|: 5.29, Training: 7676/2749/4927 total/source/target tokens/sec	
Epoch: 1, Batch: 2505/2522, Batch size: 64, LR: 0.0100, PPL: 56.34, |Param|: 2458.73, |GParam|: 4.37, Training: 7677/2749/4928 total/source/target tokens/sec	
Epoch: 1, Batch: 2510/2522, Batch size: 64, LR: 0.0100, PPL: 56.32, |Param|: 2458.73, |GParam|: 5.21, Training: 7678/2750/4927 total/source/target tokens/sec	
Epoch: 1, Batch: 2515/2522, Batch size: 64, LR: 0.0100, PPL: 56.29, |Param|: 2458.73, |GParam|: 5.20, Training: 7678/2750/4928 total/source/target tokens/sec	
Epoch: 1, Batch: 2520/2522, Batch size: 64, LR: 0.0100, PPL: 56.26, |Param|: 2458.74, |GParam|: 4.40, Training: 7678/2749/4928 total/source/target tokens/sec	
/home/adminkiwi/DeepLearning/torch/install/bin/lua: bad argument #2 to '?' (out of range at /home/adminkiwi/DeepLearning/torch/pkg/torch/generic/Tensor.c:890)
stack traceback:
	[C]: in ?
	[C]: in function '__index'
	model_functions.lua:551: in function 'train_batch'
	model_functions.lua:642: in function 'train'
	train.lua:184: in main chunk
	[C]: in function 'dofile'
	...ning/torch/install/lib/luarocks/rocks/trepl/scm-1/bin/th:145: in main chunk
	[C]: in ?
